[35;1m[ERROR] 2025-11-05 11:39:47.800 okx-ws-connector.go(48)[LockDialWebSocket]: [0m[35mFailed to connect OKX WS: websocket: bad handshake[0m
[35;1m[ERROR] 2025-11-05 11:39:47.802 okx-ws.go(51)[Login]: [0m[35mWebSocket dial error: websocket: bad handshake[0m
[35;1m[ERROR] 2025-11-05 11:39:47.802 okx-ws.go(95)[Start]: [0m[35mLogin error: websocket: bad handshake[0m
[35;1m[ERROR] 2025-11-05 12:08:57.259 okx-ws.go(102)[Start]: [0m[35mNo pong received in the last 30 seconds, reconnecting...[0m
[35;1m[ERROR] 2025-11-05 12:08:57.260 okx-ws.go(102)[Start]: [0m[35mNo pong received in the last 30 seconds, reconnecting...[0m
[35;1m[ERROR] 2025-11-05 12:08:57.260 okx-ws.go(102)[Start]: [0m[35mNo pong received in the last 30 seconds, reconnecting...[0m
[35;1m[ERROR] 2025-11-05 12:08:57.316 okx-ws.go(102)[Start]: [0m[35mNo pong received in the last 30 seconds, reconnecting...[0m
[35;1m[ERROR] 2025-11-05 12:08:57.260 okx-ws.go(102)[Start]: [0m[35mNo pong received in the last 30 seconds, reconnecting...[0m
[35;1m[ERROR] 2025-11-05 12:08:57.259 okx-ws.go(102)[Start]: [0m[35mNo pong received in the last 30 seconds, reconnecting...[0m
[35;1m[ERROR] 2025-11-05 12:08:57.259 okx-ws.go(102)[Start]: [0m[35mNo pong received in the last 30 seconds, reconnecting...[0m
[35;1m[ERROR] 2025-11-05 12:08:57.260 okx-ws.go(102)[Start]: [0m[35mNo pong received in the last 30 seconds, reconnecting...[0m
[35;1m[ERROR] 2025-11-05 12:08:57.260 okx-ws.go(102)[Start]: [0m[35mNo pong received in the last 30 seconds, reconnecting...[0m
[35;1m[ERROR] 2025-11-05 12:08:57.317 okx-ws.go(102)[Start]: [0m[35mNo pong received in the last 30 seconds, reconnecting...[0m
[35;1m[ERROR] 2025-11-05 12:08:57.259 okx-ws.go(102)[Start]: [0m[35mNo pong received in the last 30 seconds, reconnecting...[0m
[35;1m[ERROR] 2025-11-05 12:08:57.260 okx-ws.go(102)[Start]: [0m[35mNo pong received in the last 30 seconds, reconnecting...[0m
[35;1m[ERROR] 2025-11-05 12:08:57.260 okx-ws.go(102)[Start]: [0m[35mNo pong received in the last 30 seconds, reconnecting...[0m
[35;1m[ERROR] 2025-11-05 12:08:57.260 okx-ws.go(102)[Start]: [0m[35mNo pong received in the last 30 seconds, reconnecting...[0m
[35;1m[ERROR] 2025-11-05 12:08:57.259 okx-ws.go(102)[Start]: [0m[35mNo pong received in the last 30 seconds, reconnecting...[0m
[35;1m[ERROR] 2025-11-05 12:08:57.260 okx-ws.go(102)[Start]: [0m[35mNo pong received in the last 30 seconds, reconnecting...[0m
[35;1m[ERROR] 2025-11-05 12:08:57.260 okx-ws.go(102)[Start]: [0m[35mNo pong received in the last 30 seconds, reconnecting...[0m
[35;1m[ERROR] 2025-11-05 12:08:57.259 okx-ws.go(102)[Start]: [0m[35mNo pong received in the last 30 seconds, reconnecting...[0m
[35;1m[ERROR] 2025-11-05 12:08:57.260 okx-ws.go(102)[Start]: [0m[35mNo pong received in the last 30 seconds, reconnecting...[0m
[35;1m[ERROR] 2025-11-05 12:08:57.260 okx-ws.go(102)[Start]: [0m[35mNo pong received in the last 30 seconds, reconnecting...[0m
[35;1m[ERROR] 2025-11-05 12:08:57.260 okx-ws.go(102)[Start]: [0m[35mNo pong received in the last 30 seconds, reconnecting...[0m
[35;1m[ERROR] 2025-11-05 12:08:57.397 okx-ws.go(102)[Start]: [0m[35mNo pong received in the last 30 seconds, reconnecting...[0m
[35;1m[ERROR] 2025-11-05 12:08:57.397 okx-ws.go(102)[Start]: [0m[35mNo pong received in the last 30 seconds, reconnecting...[0m
[35;1m[ERROR] 2025-11-05 12:08:57.397 okx-ws.go(102)[Start]: [0m[35mNo pong received in the last 30 seconds, reconnecting...[0m
[35;1m[ERROR] 2025-11-05 12:08:57.397 okx-ws.go(102)[Start]: [0m[35mNo pong received in the last 30 seconds, reconnecting...[0m
[35;1m[ERROR] 2025-11-05 12:08:57.538 okx-ws.go(102)[Start]: [0m[35mNo pong received in the last 30 seconds, reconnecting...[0m
[35;1m[ERROR] 2025-11-05 12:08:57.539 okx-ws.go(102)[Start]: [0m[35mNo pong received in the last 30 seconds, reconnecting...[0m
[35;1m[ERROR] 2025-11-05 12:08:57.539 okx-ws.go(102)[Start]: [0m[35mNo pong received in the last 30 seconds, reconnecting...[0m
[35;1m[ERROR] 2025-11-05 12:08:57.651 okx-ws.go(102)[Start]: [0m[35mNo pong received in the last 30 seconds, reconnecting...[0m
[35;1m[ERROR] 2025-11-05 12:08:57.651 okx-ws.go(102)[Start]: [0m[35mNo pong received in the last 30 seconds, reconnecting...[0m
[35;1m[ERROR] 2025-11-05 13:10:39.586 okx-ws.go(102)[Start]: [0m[35mNo pong received in the last 30 seconds, reconnecting...[0m
[35;1m[ERROR] 2025-11-05 13:10:39.592 okx-ws.go(102)[Start]: [0m[35mNo pong received in the last 30 seconds, reconnecting...[0m
[35;1m[ERROR] 2025-11-05 13:10:39.803 okx-ws.go(102)[Start]: [0m[35mNo pong received in the last 30 seconds, reconnecting...[0m
[35;1m[ERROR] 2025-11-05 13:10:39.830 okx-ws.go(102)[Start]: [0m[35mNo pong received in the last 30 seconds, reconnecting...[0m
[35;1m[ERROR] 2025-11-05 13:10:39.837 okx-ws.go(102)[Start]: [0m[35mNo pong received in the last 30 seconds, reconnecting...[0m
[35;1m[ERROR] 2025-11-05 13:10:40.174 okx-ws.go(102)[Start]: [0m[35mNo pong received in the last 30 seconds, reconnecting...[0m
[35;1m[ERROR] 2025-11-05 13:10:40.174 okx-ws.go(102)[Start]: [0m[35mNo pong received in the last 30 seconds, reconnecting...[0m
[35;1m[ERROR] 2025-11-05 13:10:40.174 okx-ws.go(102)[Start]: [0m[35mNo pong received in the last 30 seconds, reconnecting...[0m
[35;1m[ERROR] 2025-11-05 13:10:40.176 okx-ws.go(102)[Start]: [0m[35mNo pong received in the last 30 seconds, reconnecting...[0m
[35;1m[ERROR] 2025-11-05 13:10:40.181 okx-ws.go(102)[Start]: [0m[35mNo pong received in the last 30 seconds, reconnecting...[0m
[35;1m[ERROR] 2025-11-05 13:10:40.181 okx-ws.go(102)[Start]: [0m[35mNo pong received in the last 30 seconds, reconnecting...[0m
[35;1m[ERROR] 2025-11-05 13:10:40.181 okx-ws.go(102)[Start]: [0m[35mNo pong received in the last 30 seconds, reconnecting...[0m
[35;1m[ERROR] 2025-11-05 13:10:40.181 okx-ws.go(102)[Start]: [0m[35mNo pong received in the last 30 seconds, reconnecting...[0m
[35;1m[ERROR] 2025-11-05 13:10:40.181 okx-ws.go(102)[Start]: [0m[35mNo pong received in the last 30 seconds, reconnecting...[0m
[35;1m[ERROR] 2025-11-05 13:10:40.181 okx-ws.go(102)[Start]: [0m[35mNo pong received in the last 30 seconds, reconnecting...[0m
[35;1m[ERROR] 2025-11-05 13:26:51.105 okx-ws.go(102)[Start]: [0m[35mNo pong received in the last 30 seconds, reconnecting...[0m
[35;1m[ERROR] 2025-11-05 13:26:51.107 okx-ws.go(102)[Start]: [0m[35mNo pong received in the last 30 seconds, reconnecting...[0m
[35;1m[ERROR] 2025-11-05 13:26:51.107 okx-ws.go(102)[Start]: [0m[35mNo pong received in the last 30 seconds, reconnecting...[0m
[35;1m[ERROR] 2025-11-05 13:26:51.107 okx-ws.go(102)[Start]: [0m[35mNo pong received in the last 30 seconds, reconnecting...[0m
[35;1m[ERROR] 2025-11-05 13:26:51.162 okx-ws.go(102)[Start]: [0m[35mNo pong received in the last 30 seconds, reconnecting...[0m
[35;1m[ERROR] 2025-11-05 13:26:51.106 okx-ws.go(102)[Start]: [0m[35mNo pong received in the last 30 seconds, reconnecting...[0m
[35;1m[ERROR] 2025-11-05 13:26:51.107 okx-ws.go(102)[Start]: [0m[35mNo pong received in the last 30 seconds, reconnecting...[0m
[35;1m[ERROR] 2025-11-05 13:26:51.107 okx-ws.go(102)[Start]: [0m[35mNo pong received in the last 30 seconds, reconnecting...[0m
[35;1m[ERROR] 2025-11-05 13:26:51.106 okx-ws.go(102)[Start]: [0m[35mNo pong received in the last 30 seconds, reconnecting...[0m
[35;1m[ERROR] 2025-11-05 13:26:51.106 okx-ws.go(102)[Start]: [0m[35mNo pong received in the last 30 seconds, reconnecting...[0m
[35;1m[ERROR] 2025-11-05 13:26:51.250 okx-ws.go(102)[Start]: [0m[35mNo pong received in the last 30 seconds, reconnecting...[0m
[35;1m[ERROR] 2025-11-05 13:26:51.342 okx-ws.go(102)[Start]: [0m[35mNo pong received in the last 30 seconds, reconnecting...[0m
[35;1m[ERROR] 2025-11-05 13:26:51.342 okx-ws.go(102)[Start]: [0m[35mNo pong received in the last 30 seconds, reconnecting...[0m
[35;1m[ERROR] 2025-11-05 13:26:51.390 okx-ws.go(102)[Start]: [0m[35mNo pong received in the last 30 seconds, reconnecting...[0m
[35;1m[ERROR] 2025-11-05 13:26:51.390 okx-ws.go(102)[Start]: [0m[35mNo pong received in the last 30 seconds, reconnecting...[0m
[35;1m[ERROR] 2025-11-05 13:26:51.448 okx-ws.go(102)[Start]: [0m[35mNo pong received in the last 30 seconds, reconnecting...[0m
[35;1m[ERROR] 2025-11-05 13:26:51.485 okx-ws.go(102)[Start]: [0m[35mNo pong received in the last 30 seconds, reconnecting...[0m
[35;1m[ERROR] 2025-11-05 13:26:51.485 okx-ws.go(102)[Start]: [0m[35mNo pong received in the last 30 seconds, reconnecting...[0m
[35;1m[ERROR] 2025-11-05 13:26:51.618 okx-ws.go(102)[Start]: [0m[35mNo pong received in the last 30 seconds, reconnecting...[0m
[35;1m[ERROR] 2025-11-05 13:26:51.657 okx-ws.go(102)[Start]: [0m[35mNo pong received in the last 30 seconds, reconnecting...[0m
[35;1m[ERROR] 2025-11-05 13:26:51.732 okx-ws.go(102)[Start]: [0m[35mNo pong received in the last 30 seconds, reconnecting...[0m
[35;1m[ERROR] 2025-11-05 13:26:51.784 okx-ws.go(102)[Start]: [0m[35mNo pong received in the last 30 seconds, reconnecting...[0m
[35;1m[ERROR] 2025-11-05 13:26:51.797 okx-ws.go(102)[Start]: [0m[35mNo pong received in the last 30 seconds, reconnecting...[0m
[35;1m[ERROR] 2025-11-05 13:26:51.797 okx-ws.go(102)[Start]: [0m[35mNo pong received in the last 30 seconds, reconnecting...[0m
[35;1m[ERROR] 2025-11-05 13:26:51.798 okx-ws.go(102)[Start]: [0m[35mNo pong received in the last 30 seconds, reconnecting...[0m
[35;1m[ERROR] 2025-11-05 13:26:51.798 okx-ws.go(102)[Start]: [0m[35mNo pong received in the last 30 seconds, reconnecting...[0m
[35;1m[ERROR] 2025-11-05 13:26:51.828 okx-ws.go(102)[Start]: [0m[35mNo pong received in the last 30 seconds, reconnecting...[0m
[35;1m[ERROR] 2025-11-05 13:26:51.898 okx-ws.go(102)[Start]: [0m[35mNo pong received in the last 30 seconds, reconnecting...[0m
[35;1m[ERROR] 2025-11-05 13:26:51.898 okx-ws.go(102)[Start]: [0m[35mNo pong received in the last 30 seconds, reconnecting...[0m
[35;1m[ERROR] 2025-11-05 13:26:51.930 okx-ws.go(102)[Start]: [0m[35mNo pong received in the last 30 seconds, reconnecting...[0m
[35;1m[ERROR] 2025-11-05 13:27:00.989 okx-ws-connector.go(48)[LockDialWebSocket]: [0m[35mFailed to connect OKX WS: websocket: bad handshake[0m
[35;1m[ERROR] 2025-11-05 13:27:00.990 okx-ws.go(51)[Login]: [0m[35mWebSocket dial error: websocket: bad handshake[0m
[35;1m[ERROR] 2025-11-05 13:27:00.990 okx-ws.go(95)[Start]: [0m[35mLogin error: websocket: bad handshake[0m
[35;1m[ERROR] 2025-11-05 13:43:02.771 okx-ws.go(102)[Start]: [0m[35mNo pong received in the last 30 seconds, reconnecting...[0m
[35;1m[ERROR] 2025-11-05 13:43:02.771 okx-ws.go(102)[Start]: [0m[35mNo pong received in the last 30 seconds, reconnecting...[0m
[35;1m[ERROR] 2025-11-05 13:43:02.774 okx-ws.go(102)[Start]: [0m[35mNo pong received in the last 30 seconds, reconnecting...[0m
[35;1m[ERROR] 2025-11-05 13:43:02.835 okx-ws.go(102)[Start]: [0m[35mNo pong received in the last 30 seconds, reconnecting...[0m
[35;1m[ERROR] 2025-11-05 13:43:02.861 okx-ws.go(102)[Start]: [0m[35mNo pong received in the last 30 seconds, reconnecting...[0m
[35;1m[ERROR] 2025-11-05 13:43:02.872 okx-ws.go(102)[Start]: [0m[35mNo pong received in the last 30 seconds, reconnecting...[0m
[35;1m[ERROR] 2025-11-05 13:43:02.935 okx-ws.go(102)[Start]: [0m[35mNo pong received in the last 30 seconds, reconnecting...[0m
[35;1m[ERROR] 2025-11-05 13:43:02.980 okx-ws.go(102)[Start]: [0m[35mNo pong received in the last 30 seconds, reconnecting...[0m
[35;1m[ERROR] 2025-11-05 13:43:03.000 okx-ws.go(102)[Start]: [0m[35mNo pong received in the last 30 seconds, reconnecting...[0m
[35;1m[ERROR] 2025-11-05 13:43:03.000 okx-ws.go(102)[Start]: [0m[35mNo pong received in the last 30 seconds, reconnecting...[0m
[35;1m[ERROR] 2025-11-05 13:43:03.064 okx-ws.go(102)[Start]: [0m[35mNo pong received in the last 30 seconds, reconnecting...[0m
[35;1m[ERROR] 2025-11-05 13:43:03.064 okx-ws.go(102)[Start]: [0m[35mNo pong received in the last 30 seconds, reconnecting...[0m
[35;1m[ERROR] 2025-11-05 13:43:03.080 okx-ws.go(102)[Start]: [0m[35mNo pong received in the last 30 seconds, reconnecting...[0m
[35;1m[ERROR] 2025-11-05 13:43:03.103 okx-ws.go(102)[Start]: [0m[35mNo pong received in the last 30 seconds, reconnecting...[0m
[35;1m[ERROR] 2025-11-05 13:43:03.104 okx-ws.go(102)[Start]: [0m[35mNo pong received in the last 30 seconds, reconnecting...[0m
[35;1m[ERROR] 2025-11-05 13:43:03.159 okx-ws.go(102)[Start]: [0m[35mNo pong received in the last 30 seconds, reconnecting...[0m
[35;1m[ERROR] 2025-11-05 13:43:03.256 okx-ws.go(102)[Start]: [0m[35mNo pong received in the last 30 seconds, reconnecting...[0m
[35;1m[ERROR] 2025-11-05 13:43:03.256 okx-ws.go(102)[Start]: [0m[35mNo pong received in the last 30 seconds, reconnecting...[0m
[35;1m[ERROR] 2025-11-05 13:43:03.324 okx-ws.go(102)[Start]: [0m[35mNo pong received in the last 30 seconds, reconnecting...[0m
[35;1m[ERROR] 2025-11-05 13:43:03.362 okx-ws.go(102)[Start]: [0m[35mNo pong received in the last 30 seconds, reconnecting...[0m
[35;1m[ERROR] 2025-11-05 13:43:03.433 okx-ws.go(102)[Start]: [0m[35mNo pong received in the last 30 seconds, reconnecting...[0m
[35;1m[ERROR] 2025-11-05 13:43:03.481 okx-ws.go(102)[Start]: [0m[35mNo pong received in the last 30 seconds, reconnecting...[0m
[35;1m[ERROR] 2025-11-05 13:43:03.510 okx-ws.go(102)[Start]: [0m[35mNo pong received in the last 30 seconds, reconnecting...[0m
[35;1m[ERROR] 2025-11-05 13:43:03.531 okx-ws.go(102)[Start]: [0m[35mNo pong received in the last 30 seconds, reconnecting...[0m
[35;1m[ERROR] 2025-11-05 13:43:03.556 okx-ws.go(102)[Start]: [0m[35mNo pong received in the last 30 seconds, reconnecting...[0m
[35;1m[ERROR] 2025-11-05 13:43:03.556 okx-ws.go(102)[Start]: [0m[35mNo pong received in the last 30 seconds, reconnecting...[0m
[35;1m[ERROR] 2025-11-05 13:43:03.556 okx-ws.go(102)[Start]: [0m[35mNo pong received in the last 30 seconds, reconnecting...[0m
[35;1m[ERROR] 2025-11-05 13:43:03.556 okx-ws.go(102)[Start]: [0m[35mNo pong received in the last 30 seconds, reconnecting...[0m
[35;1m[ERROR] 2025-11-05 13:43:03.590 okx-ws.go(102)[Start]: [0m[35mNo pong received in the last 30 seconds, reconnecting...[0m
[35;1m[ERROR] 2025-11-05 13:43:03.591 okx-ws.go(102)[Start]: [0m[35mNo pong received in the last 30 seconds, reconnecting...[0m
[35;1m[ERROR] 2025-11-05 13:54:25.774 okx-ws.go(102)[Start]: [0m[35mNo pong received in the last 30 seconds, reconnecting...[0m
[35;1m[ERROR] 2025-11-05 13:54:25.776 okx-ws.go(102)[Start]: [0m[35mNo pong received in the last 30 seconds, reconnecting...[0m
[35;1m[ERROR] 2025-11-05 13:54:25.793 okx-ws.go(102)[Start]: [0m[35mNo pong received in the last 30 seconds, reconnecting...[0m
[35;1m[ERROR] 2025-11-05 13:54:25.816 okx-ws.go(102)[Start]: [0m[35mNo pong received in the last 30 seconds, reconnecting...[0m
[35;1m[ERROR] 2025-11-05 13:54:25.889 okx-ws.go(102)[Start]: [0m[35mNo pong received in the last 30 seconds, reconnecting...[0m
[35;1m[ERROR] 2025-11-05 13:54:25.902 okx-ws.go(102)[Start]: [0m[35mNo pong received in the last 30 seconds, reconnecting...[0m
[35;1m[ERROR] 2025-11-05 13:54:25.917 okx-ws.go(102)[Start]: [0m[35mNo pong received in the last 30 seconds, reconnecting...[0m
[35;1m[ERROR] 2025-11-05 13:54:25.918 okx-ws.go(102)[Start]: [0m[35mNo pong received in the last 30 seconds, reconnecting...[0m
[35;1m[ERROR] 2025-11-05 13:54:25.918 okx-ws.go(102)[Start]: [0m[35mNo pong received in the last 30 seconds, reconnecting...[0m
[35;1m[ERROR] 2025-11-05 13:54:25.918 okx-ws.go(102)[Start]: [0m[35mNo pong received in the last 30 seconds, reconnecting...[0m
[35;1m[ERROR] 2025-11-05 13:54:25.944 okx-ws.go(102)[Start]: [0m[35mNo pong received in the last 30 seconds, reconnecting...[0m
[35;1m[ERROR] 2025-11-05 13:54:26.025 okx-ws.go(102)[Start]: [0m[35mNo pong received in the last 30 seconds, reconnecting...[0m
[35;1m[ERROR] 2025-11-05 13:54:26.025 okx-ws.go(102)[Start]: [0m[35mNo pong received in the last 30 seconds, reconnecting...[0m
[35;1m[ERROR] 2025-11-05 13:54:26.166 okx-ws.go(102)[Start]: [0m[35mNo pong received in the last 30 seconds, reconnecting...[0m
[35;1m[ERROR] 2025-11-05 13:54:26.193 okx-ws.go(102)[Start]: [0m[35mNo pong received in the last 30 seconds, reconnecting...[0m
[35;1m[ERROR] 2025-11-05 13:54:26.224 okx-ws.go(102)[Start]: [0m[35mNo pong received in the last 30 seconds, reconnecting...[0m
[35;1m[ERROR] 2025-11-05 13:54:26.233 okx-ws.go(102)[Start]: [0m[35mNo pong received in the last 30 seconds, reconnecting...[0m
[35;1m[ERROR] 2025-11-05 13:54:26.312 okx-ws.go(102)[Start]: [0m[35mNo pong received in the last 30 seconds, reconnecting...[0m
[35;1m[ERROR] 2025-11-05 13:54:26.312 okx-ws.go(102)[Start]: [0m[35mNo pong received in the last 30 seconds, reconnecting...[0m
[35;1m[ERROR] 2025-11-05 13:54:26.326 okx-ws.go(102)[Start]: [0m[35mNo pong received in the last 30 seconds, reconnecting...[0m
[35;1m[ERROR] 2025-11-05 13:54:26.342 okx-ws.go(102)[Start]: [0m[35mNo pong received in the last 30 seconds, reconnecting...[0m
[35;1m[ERROR] 2025-11-05 13:54:26.366 okx-ws.go(102)[Start]: [0m[35mNo pong received in the last 30 seconds, reconnecting...[0m
[35;1m[ERROR] 2025-11-05 13:54:26.404 okx-ws.go(102)[Start]: [0m[35mNo pong received in the last 30 seconds, reconnecting...[0m
[35;1m[ERROR] 2025-11-05 13:54:26.404 okx-ws.go(102)[Start]: [0m[35mNo pong received in the last 30 seconds, reconnecting...[0m
[35;1m[ERROR] 2025-11-05 13:54:26.424 okx-ws.go(102)[Start]: [0m[35mNo pong received in the last 30 seconds, reconnecting...[0m
[35;1m[ERROR] 2025-11-05 13:54:26.474 okx-ws.go(102)[Start]: [0m[35mNo pong received in the last 30 seconds, reconnecting...[0m
[35;1m[ERROR] 2025-11-05 13:54:26.532 okx-ws.go(102)[Start]: [0m[35mNo pong received in the last 30 seconds, reconnecting...[0m
[35;1m[ERROR] 2025-11-05 13:54:26.564 okx-ws.go(102)[Start]: [0m[35mNo pong received in the last 30 seconds, reconnecting...[0m
[35;1m[ERROR] 2025-11-05 13:54:26.575 okx-ws.go(102)[Start]: [0m[35mNo pong received in the last 30 seconds, reconnecting...[0m
[35;1m[ERROR] 2025-11-05 13:54:26.669 okx-ws.go(102)[Start]: [0m[35mNo pong received in the last 30 seconds, reconnecting...[0m
[35;1m[ERROR] 2025-11-05 13:54:43.540 okx-ws-connector.go(48)[LockDialWebSocket]: [0m[35mFailed to connect OKX WS: websocket: bad handshake[0m
[35;1m[ERROR] 2025-11-05 13:54:43.540 okx-ws.go(51)[Login]: [0m[35mWebSocket dial error: websocket: bad handshake[0m
[35;1m[ERROR] 2025-11-05 13:54:43.540 okx-ws.go(95)[Start]: [0m[35mLogin error: websocket: bad handshake[0m
[35;1m[ERROR] 2025-11-05 14:10:37.815 okx-ws.go(102)[Start]: [0m[35mNo pong received in the last 30 seconds, reconnecting...[0m
[35;1m[ERROR] 2025-11-05 14:10:37.816 okx-ws.go(102)[Start]: [0m[35mNo pong received in the last 30 seconds, reconnecting...[0m
[35;1m[ERROR] 2025-11-05 14:10:37.817 okx-ws.go(102)[Start]: [0m[35mNo pong received in the last 30 seconds, reconnecting...[0m
[35;1m[ERROR] 2025-11-05 14:10:37.817 okx-ws.go(102)[Start]: [0m[35mNo pong received in the last 30 seconds, reconnecting...[0m
[35;1m[ERROR] 2025-11-05 14:10:37.817 okx-ws.go(102)[Start]: [0m[35mNo pong received in the last 30 seconds, reconnecting...[0m
[35;1m[ERROR] 2025-11-05 14:10:37.817 okx-ws.go(102)[Start]: [0m[35mNo pong received in the last 30 seconds, reconnecting...[0m
[35;1m[ERROR] 2025-11-05 14:10:37.817 okx-ws.go(102)[Start]: [0m[35mNo pong received in the last 30 seconds, reconnecting...[0m
[35;1m[ERROR] 2025-11-05 14:10:37.817 okx-ws.go(102)[Start]: [0m[35mNo pong received in the last 30 seconds, reconnecting...[0m
[35;1m[ERROR] 2025-11-05 14:10:37.869 okx-ws.go(102)[Start]: [0m[35mNo pong received in the last 30 seconds, reconnecting...[0m
[35;1m[ERROR] 2025-11-05 14:10:37.890 okx-ws.go(102)[Start]: [0m[35mNo pong received in the last 30 seconds, reconnecting...[0m
[35;1m[ERROR] 2025-11-05 14:10:37.963 okx-ws.go(102)[Start]: [0m[35mNo pong received in the last 30 seconds, reconnecting...[0m
[35;1m[ERROR] 2025-11-05 14:10:37.995 okx-ws.go(102)[Start]: [0m[35mNo pong received in the last 30 seconds, reconnecting...[0m
[35;1m[ERROR] 2025-11-05 14:10:38.017 okx-ws.go(102)[Start]: [0m[35mNo pong received in the last 30 seconds, reconnecting...[0m
[35;1m[ERROR] 2025-11-05 14:10:38.045 okx-ws.go(102)[Start]: [0m[35mNo pong received in the last 30 seconds, reconnecting...[0m
[35;1m[ERROR] 2025-11-05 14:10:38.126 okx-ws.go(102)[Start]: [0m[35mNo pong received in the last 30 seconds, reconnecting...[0m
[35;1m[ERROR] 2025-11-05 14:10:38.126 okx-ws.go(102)[Start]: [0m[35mNo pong received in the last 30 seconds, reconnecting...[0m
[35;1m[ERROR] 2025-11-05 14:10:38.126 okx-ws.go(102)[Start]: [0m[35mNo pong received in the last 30 seconds, reconnecting...[0m
[35;1m[ERROR] 2025-11-05 14:10:38.149 okx-ws.go(102)[Start]: [0m[35mNo pong received in the last 30 seconds, reconnecting...[0m
[35;1m[ERROR] 2025-11-05 14:10:38.166 okx-ws.go(102)[Start]: [0m[35mNo pong received in the last 30 seconds, reconnecting...[0m
[35;1m[ERROR] 2025-11-05 14:10:38.167 okx-ws.go(102)[Start]: [0m[35mNo pong received in the last 30 seconds, reconnecting...[0m
[35;1m[ERROR] 2025-11-05 14:10:38.224 okx-ws.go(102)[Start]: [0m[35mNo pong received in the last 30 seconds, reconnecting...[0m
[35;1m[ERROR] 2025-11-05 14:10:38.318 okx-ws.go(102)[Start]: [0m[35mNo pong received in the last 30 seconds, reconnecting...[0m
[35;1m[ERROR] 2025-11-05 14:10:38.322 okx-ws.go(102)[Start]: [0m[35mNo pong received in the last 30 seconds, reconnecting...[0m
[35;1m[ERROR] 2025-11-05 14:10:38.323 okx-ws.go(102)[Start]: [0m[35mNo pong received in the last 30 seconds, reconnecting...[0m
[35;1m[ERROR] 2025-11-05 14:10:38.417 okx-ws.go(102)[Start]: [0m[35mNo pong received in the last 30 seconds, reconnecting...[0m
[35;1m[ERROR] 2025-11-05 14:10:38.417 okx-ws.go(102)[Start]: [0m[35mNo pong received in the last 30 seconds, reconnecting...[0m
[35;1m[ERROR] 2025-11-05 14:10:38.536 okx-ws.go(102)[Start]: [0m[35mNo pong received in the last 30 seconds, reconnecting...[0m
[35;1m[ERROR] 2025-11-05 14:10:38.571 okx-ws.go(102)[Start]: [0m[35mNo pong received in the last 30 seconds, reconnecting...[0m
[35;1m[ERROR] 2025-11-05 14:10:38.594 okx-ws.go(102)[Start]: [0m[35mNo pong received in the last 30 seconds, reconnecting...[0m
[35;1m[ERROR] 2025-11-05 14:10:38.638 okx-ws.go(102)[Start]: [0m[35mNo pong received in the last 30 seconds, reconnecting...[0m
[35;1m[ERROR] 2025-11-05 14:10:48.529 okx-ws-connector.go(48)[LockDialWebSocket]: [0m[35mFailed to connect OKX WS: websocket: bad handshake[0m
[35;1m[ERROR] 2025-11-05 14:10:48.529 okx-ws.go(51)[Login]: [0m[35mWebSocket dial error: websocket: bad handshake[0m
[35;1m[ERROR] 2025-11-05 14:10:48.529 okx-ws.go(95)[Start]: [0m[35mLogin error: websocket: bad handshake[0m
[35;1m[ERROR] 2025-11-05 15:05:49.369 okx-ws.go(102)[Start]: [0m[35mNo pong received in the last 30 seconds, reconnecting...[0m
[35;1m[ERROR] 2025-11-05 15:05:49.369 okx-ws.go(102)[Start]: [0m[35mNo pong received in the last 30 seconds, reconnecting...[0m
[35;1m[ERROR] 2025-11-05 15:05:49.370 okx-ws.go(102)[Start]: [0m[35mNo pong received in the last 30 seconds, reconnecting...[0m
[35;1m[ERROR] 2025-11-05 15:05:49.370 okx-ws.go(102)[Start]: [0m[35mNo pong received in the last 30 seconds, reconnecting...[0m
[35;1m[ERROR] 2025-11-05 15:05:49.370 okx-ws.go(102)[Start]: [0m[35mNo pong received in the last 30 seconds, reconnecting...[0m
[35;1m[ERROR] 2025-11-05 15:05:49.370 okx-ws.go(102)[Start]: [0m[35mNo pong received in the last 30 seconds, reconnecting...[0m
[35;1m[ERROR] 2025-11-05 15:05:49.370 okx-ws.go(102)[Start]: [0m[35mNo pong received in the last 30 seconds, reconnecting...[0m
[35;1m[ERROR] 2025-11-05 15:05:49.370 okx-ws.go(102)[Start]: [0m[35mNo pong received in the last 30 seconds, reconnecting...[0m
[35;1m[ERROR] 2025-11-05 15:05:49.370 okx-ws.go(102)[Start]: [0m[35mNo pong received in the last 30 seconds, reconnecting...[0m
[35;1m[ERROR] 2025-11-05 15:05:49.650 okx-ws.go(102)[Start]: [0m[35mNo pong received in the last 30 seconds, reconnecting...[0m
[35;1m[ERROR] 2025-11-05 15:05:49.694 okx-ws.go(102)[Start]: [0m[35mNo pong received in the last 30 seconds, reconnecting...[0m
[35;1m[ERROR] 2025-11-05 15:05:49.694 okx-ws.go(102)[Start]: [0m[35mNo pong received in the last 30 seconds, reconnecting...[0m
[35;1m[ERROR] 2025-11-05 15:05:49.694 okx-ws.go(102)[Start]: [0m[35mNo pong received in the last 30 seconds, reconnecting...[0m
[35;1m[ERROR] 2025-11-05 15:05:49.695 okx-ws.go(102)[Start]: [0m[35mNo pong received in the last 30 seconds, reconnecting...[0m
[35;1m[ERROR] 2025-11-05 15:05:49.695 okx-ws.go(102)[Start]: [0m[35mNo pong received in the last 30 seconds, reconnecting...[0m
[35;1m[ERROR] 2025-11-05 15:05:49.695 okx-ws.go(102)[Start]: [0m[35mNo pong received in the last 30 seconds, reconnecting...[0m
[35;1m[ERROR] 2025-11-05 15:05:49.695 okx-ws.go(102)[Start]: [0m[35mNo pong received in the last 30 seconds, reconnecting...[0m
[35;1m[ERROR] 2025-11-05 15:05:49.800 okx-ws.go(102)[Start]: [0m[35mNo pong received in the last 30 seconds, reconnecting...[0m
[35;1m[ERROR] 2025-11-05 15:05:50.016 okx-ws.go(102)[Start]: [0m[35mNo pong received in the last 30 seconds, reconnecting...[0m
[35;1m[ERROR] 2025-11-05 15:05:50.016 okx-ws.go(102)[Start]: [0m[35mNo pong received in the last 30 seconds, reconnecting...[0m
[35;1m[ERROR] 2025-11-05 15:05:50.016 okx-ws.go(102)[Start]: [0m[35mNo pong received in the last 30 seconds, reconnecting...[0m
[35;1m[ERROR] 2025-11-05 15:05:50.017 okx-ws.go(102)[Start]: [0m[35mNo pong received in the last 30 seconds, reconnecting...[0m
[35;1m[ERROR] 2025-11-05 15:05:50.017 okx-ws.go(102)[Start]: [0m[35mNo pong received in the last 30 seconds, reconnecting...[0m
[35;1m[ERROR] 2025-11-05 15:05:50.134 okx-ws.go(102)[Start]: [0m[35mNo pong received in the last 30 seconds, reconnecting...[0m
[35;1m[ERROR] 2025-11-05 15:05:50.136 okx-ws.go(102)[Start]: [0m[35mNo pong received in the last 30 seconds, reconnecting...[0m
[35;1m[ERROR] 2025-11-05 15:05:50.136 okx-ws.go(102)[Start]: [0m[35mNo pong received in the last 30 seconds, reconnecting...[0m
[35;1m[ERROR] 2025-11-05 15:05:50.136 okx-ws.go(102)[Start]: [0m[35mNo pong received in the last 30 seconds, reconnecting...[0m
[35;1m[ERROR] 2025-11-05 15:05:50.136 okx-ws.go(102)[Start]: [0m[35mNo pong received in the last 30 seconds, reconnecting...[0m
[35;1m[ERROR] 2025-11-05 15:05:50.136 okx-ws.go(102)[Start]: [0m[35mNo pong received in the last 30 seconds, reconnecting...[0m
[35;1m[ERROR] 2025-11-05 15:05:50.136 okx-ws.go(102)[Start]: [0m[35mNo pong received in the last 30 seconds, reconnecting...[0m
[35;1m[ERROR] 2025-11-05 15:22:01.346 okx-ws.go(102)[Start]: [0m[35mNo pong received in the last 30 seconds, reconnecting...[0m
[35;1m[ERROR] 2025-11-05 15:22:01.347 okx-ws.go(102)[Start]: [0m[35mNo pong received in the last 30 seconds, reconnecting...[0m
[35;1m[ERROR] 2025-11-05 15:22:01.442 okx-ws.go(102)[Start]: [0m[35mNo pong received in the last 30 seconds, reconnecting...[0m
[35;1m[ERROR] 2025-11-05 15:22:01.347 okx-ws.go(102)[Start]: [0m[35mNo pong received in the last 30 seconds, reconnecting...[0m
[35;1m[ERROR] 2025-11-05 15:22:01.348 okx-ws.go(102)[Start]: [0m[35mNo pong received in the last 30 seconds, reconnecting...[0m
[35;1m[ERROR] 2025-11-05 15:22:01.347 okx-ws.go(102)[Start]: [0m[35mNo pong received in the last 30 seconds, reconnecting...[0m
[35;1m[ERROR] 2025-11-05 15:22:01.396 okx-ws.go(102)[Start]: [0m[35mNo pong received in the last 30 seconds, reconnecting...[0m
[35;1m[ERROR] 2025-11-05 15:22:01.470 okx-ws.go(102)[Start]: [0m[35mNo pong received in the last 30 seconds, reconnecting...[0m
[35;1m[ERROR] 2025-11-05 15:22:01.495 okx-ws.go(102)[Start]: [0m[35mNo pong received in the last 30 seconds, reconnecting...[0m
[35;1m[ERROR] 2025-11-05 15:22:01.539 okx-ws.go(102)[Start]: [0m[35mNo pong received in the last 30 seconds, reconnecting...[0m
[35;1m[ERROR] 2025-11-05 15:22:01.551 okx-ws.go(102)[Start]: [0m[35mNo pong received in the last 30 seconds, reconnecting...[0m
[35;1m[ERROR] 2025-11-05 15:22:01.611 okx-ws.go(102)[Start]: [0m[35mNo pong received in the last 30 seconds, reconnecting...[0m
[35;1m[ERROR] 2025-11-05 15:22:01.633 okx-ws.go(102)[Start]: [0m[35mNo pong received in the last 30 seconds, reconnecting...[0m
[35;1m[ERROR] 2025-11-05 15:22:01.665 okx-ws.go(102)[Start]: [0m[35mNo pong received in the last 30 seconds, reconnecting...[0m
[35;1m[ERROR] 2025-11-05 15:22:01.691 okx-ws.go(102)[Start]: [0m[35mNo pong received in the last 30 seconds, reconnecting...[0m
[35;1m[ERROR] 2025-11-05 15:22:01.712 okx-ws.go(102)[Start]: [0m[35mNo pong received in the last 30 seconds, reconnecting...[0m
[35;1m[ERROR] 2025-11-05 15:22:01.760 okx-ws.go(102)[Start]: [0m[35mNo pong received in the last 30 seconds, reconnecting...[0m
[35;1m[ERROR] 2025-11-05 15:22:01.824 okx-ws.go(102)[Start]: [0m[35mNo pong received in the last 30 seconds, reconnecting...[0m
[35;1m[ERROR] 2025-11-05 15:22:01.859 okx-ws.go(102)[Start]: [0m[35mNo pong received in the last 30 seconds, reconnecting...[0m
[35;1m[ERROR] 2025-11-05 15:22:01.860 okx-ws.go(102)[Start]: [0m[35mNo pong received in the last 30 seconds, reconnecting...[0m
[35;1m[ERROR] 2025-11-05 15:22:01.916 okx-ws.go(102)[Start]: [0m[35mNo pong received in the last 30 seconds, reconnecting...[0m
[35;1m[ERROR] 2025-11-05 15:22:01.932 okx-ws.go(102)[Start]: [0m[35mNo pong received in the last 30 seconds, reconnecting...[0m
[35;1m[ERROR] 2025-11-05 15:22:01.971 okx-ws.go(102)[Start]: [0m[35mNo pong received in the last 30 seconds, reconnecting...[0m
[35;1m[ERROR] 2025-11-05 15:22:01.971 okx-ws.go(102)[Start]: [0m[35mNo pong received in the last 30 seconds, reconnecting...[0m
[35;1m[ERROR] 2025-11-05 15:22:02.011 okx-ws.go(102)[Start]: [0m[35mNo pong received in the last 30 seconds, reconnecting...[0m
[35;1m[ERROR] 2025-11-05 15:22:02.137 okx-ws.go(102)[Start]: [0m[35mNo pong received in the last 30 seconds, reconnecting...[0m
[35;1m[ERROR] 2025-11-05 15:22:02.138 okx-ws.go(102)[Start]: [0m[35mNo pong received in the last 30 seconds, reconnecting...[0m
[35;1m[ERROR] 2025-11-05 15:22:02.140 okx-ws.go(102)[Start]: [0m[35mNo pong received in the last 30 seconds, reconnecting...[0m
[35;1m[ERROR] 2025-11-05 15:22:02.140 okx-ws.go(102)[Start]: [0m[35mNo pong received in the last 30 seconds, reconnecting...[0m
[35;1m[ERROR] 2025-11-05 15:22:02.187 okx-ws.go(102)[Start]: [0m[35mNo pong received in the last 30 seconds, reconnecting...[0m
[35;1m[ERROR] 2025-11-05 15:37:52.750 okx-ws.go(102)[Start]: [0m[35mNo pong received in the last 30 seconds, reconnecting...[0m
[35;1m[ERROR] 2025-11-05 15:37:52.761 okx-ws.go(102)[Start]: [0m[35mNo pong received in the last 30 seconds, reconnecting...[0m
[35;1m[ERROR] 2025-11-05 15:37:52.855 okx-ws.go(102)[Start]: [0m[35mNo pong received in the last 30 seconds, reconnecting...[0m
[35;1m[ERROR] 2025-11-05 15:37:52.838 okx-ws.go(102)[Start]: [0m[35mNo pong received in the last 30 seconds, reconnecting...[0m
[35;1m[ERROR] 2025-11-05 15:37:52.802 okx-ws.go(102)[Start]: [0m[35mNo pong received in the last 30 seconds, reconnecting...[0m
[35;1m[ERROR] 2025-11-05 15:37:52.802 okx-ws.go(102)[Start]: [0m[35mNo pong received in the last 30 seconds, reconnecting...[0m
[35;1m[ERROR] 2025-11-05 15:37:52.877 okx-ws.go(102)[Start]: [0m[35mNo pong received in the last 30 seconds, reconnecting...[0m
[35;1m[ERROR] 2025-11-05 15:37:52.905 okx-ws.go(102)[Start]: [0m[35mNo pong received in the last 30 seconds, reconnecting...[0m
[35;1m[ERROR] 2025-11-05 15:37:52.905 okx-ws.go(102)[Start]: [0m[35mNo pong received in the last 30 seconds, reconnecting...[0m
[35;1m[ERROR] 2025-11-05 15:37:52.929 okx-ws.go(102)[Start]: [0m[35mNo pong received in the last 30 seconds, reconnecting...[0m
[35;1m[ERROR] 2025-11-05 15:37:52.982 okx-ws.go(102)[Start]: [0m[35mNo pong received in the last 30 seconds, reconnecting...[0m
[35;1m[ERROR] 2025-11-05 15:37:53.001 okx-ws.go(102)[Start]: [0m[35mNo pong received in the last 30 seconds, reconnecting...[0m
[35;1m[ERROR] 2025-11-05 15:37:53.176 okx-ws.go(102)[Start]: [0m[35mNo pong received in the last 30 seconds, reconnecting...[0m
[35;1m[ERROR] 2025-11-05 15:37:53.202 okx-ws.go(102)[Start]: [0m[35mNo pong received in the last 30 seconds, reconnecting...[0m
[35;1m[ERROR] 2025-11-05 15:37:53.202 okx-ws.go(102)[Start]: [0m[35mNo pong received in the last 30 seconds, reconnecting...[0m
[35;1m[ERROR] 2025-11-05 15:37:53.256 okx-ws.go(102)[Start]: [0m[35mNo pong received in the last 30 seconds, reconnecting...[0m
[35;1m[ERROR] 2025-11-05 15:37:53.256 okx-ws.go(102)[Start]: [0m[35mNo pong received in the last 30 seconds, reconnecting...[0m
[35;1m[ERROR] 2025-11-05 15:37:53.273 okx-ws.go(102)[Start]: [0m[35mNo pong received in the last 30 seconds, reconnecting...[0m
[35;1m[ERROR] 2025-11-05 15:37:53.339 okx-ws.go(102)[Start]: [0m[35mNo pong received in the last 30 seconds, reconnecting...[0m
[35;1m[ERROR] 2025-11-05 15:37:53.340 okx-ws.go(102)[Start]: [0m[35mNo pong received in the last 30 seconds, reconnecting...[0m
[35;1m[ERROR] 2025-11-05 15:37:53.355 okx-ws.go(102)[Start]: [0m[35mNo pong received in the last 30 seconds, reconnecting...[0m
[35;1m[ERROR] 2025-11-05 15:37:53.416 okx-ws.go(102)[Start]: [0m[35mNo pong received in the last 30 seconds, reconnecting...[0m
[35;1m[ERROR] 2025-11-05 15:37:53.446 okx-ws.go(102)[Start]: [0m[35mNo pong received in the last 30 seconds, reconnecting...[0m
[35;1m[ERROR] 2025-11-05 15:37:53.478 okx-ws.go(102)[Start]: [0m[35mNo pong received in the last 30 seconds, reconnecting...[0m
[35;1m[ERROR] 2025-11-05 15:37:53.583 okx-ws.go(102)[Start]: [0m[35mNo pong received in the last 30 seconds, reconnecting...[0m
[35;1m[ERROR] 2025-11-05 15:37:53.584 okx-ws.go(102)[Start]: [0m[35mNo pong received in the last 30 seconds, reconnecting...[0m
[35;1m[ERROR] 2025-11-05 15:37:53.583 okx-ws.go(102)[Start]: [0m[35mNo pong received in the last 30 seconds, reconnecting...[0m
[35;1m[ERROR] 2025-11-05 15:37:53.583 okx-ws.go(102)[Start]: [0m[35mNo pong received in the last 30 seconds, reconnecting...[0m
[35;1m[ERROR] 2025-11-05 15:37:53.584 okx-ws.go(102)[Start]: [0m[35mNo pong received in the last 30 seconds, reconnecting...[0m
[35;1m[ERROR] 2025-11-05 15:37:53.629 okx-ws.go(102)[Start]: [0m[35mNo pong received in the last 30 seconds, reconnecting...[0m
[35;1m[ERROR] 2025-11-05 15:54:25.924 okx-ws.go(102)[Start]: [0m[35mNo pong received in the last 30 seconds, reconnecting...[0m
[35;1m[ERROR] 2025-11-05 15:54:25.958 okx-ws.go(102)[Start]: [0m[35mNo pong received in the last 30 seconds, reconnecting...[0m
[35;1m[ERROR] 2025-11-05 15:54:25.937 okx-ws.go(102)[Start]: [0m[35mNo pong received in the last 30 seconds, reconnecting...[0m
[35;1m[ERROR] 2025-11-05 15:54:25.925 okx-ws.go(102)[Start]: [0m[35mNo pong received in the last 30 seconds, reconnecting...[0m
[35;1m[ERROR] 2025-11-05 15:54:25.925 okx-ws.go(102)[Start]: [0m[35mNo pong received in the last 30 seconds, reconnecting...[0m
[35;1m[ERROR] 2025-11-05 15:54:26.051 okx-ws.go(102)[Start]: [0m[35mNo pong received in the last 30 seconds, reconnecting...[0m
[35;1m[ERROR] 2025-11-05 15:54:26.051 okx-ws.go(102)[Start]: [0m[35mNo pong received in the last 30 seconds, reconnecting...[0m
[35;1m[ERROR] 2025-11-05 15:54:26.051 okx-ws.go(102)[Start]: [0m[35mNo pong received in the last 30 seconds, reconnecting...[0m
[35;1m[ERROR] 2025-11-05 15:54:26.077 okx-ws.go(102)[Start]: [0m[35mNo pong received in the last 30 seconds, reconnecting...[0m
[35;1m[ERROR] 2025-11-05 15:54:26.130 okx-ws.go(102)[Start]: [0m[35mNo pong received in the last 30 seconds, reconnecting...[0m
[35;1m[ERROR] 2025-11-05 15:54:26.130 okx-ws.go(102)[Start]: [0m[35mNo pong received in the last 30 seconds, reconnecting...[0m
[35;1m[ERROR] 2025-11-05 15:54:26.161 okx-ws.go(102)[Start]: [0m[35mNo pong received in the last 30 seconds, reconnecting...[0m
[35;1m[ERROR] 2025-11-05 15:54:26.220 okx-ws.go(102)[Start]: [0m[35mNo pong received in the last 30 seconds, reconnecting...[0m
[35;1m[ERROR] 2025-11-05 15:54:26.263 okx-ws.go(102)[Start]: [0m[35mNo pong received in the last 30 seconds, reconnecting...[0m
[35;1m[ERROR] 2025-11-05 15:54:26.347 okx-ws.go(102)[Start]: [0m[35mNo pong received in the last 30 seconds, reconnecting...[0m
[35;1m[ERROR] 2025-11-05 15:54:26.382 okx-ws.go(102)[Start]: [0m[35mNo pong received in the last 30 seconds, reconnecting...[0m
[35;1m[ERROR] 2025-11-05 15:54:26.473 okx-ws.go(102)[Start]: [0m[35mNo pong received in the last 30 seconds, reconnecting...[0m
[35;1m[ERROR] 2025-11-05 15:54:26.473 okx-ws.go(102)[Start]: [0m[35mNo pong received in the last 30 seconds, reconnecting...[0m
[35;1m[ERROR] 2025-11-05 15:54:26.506 okx-ws.go(102)[Start]: [0m[35mNo pong received in the last 30 seconds, reconnecting...[0m
[35;1m[ERROR] 2025-11-05 15:54:26.507 okx-ws.go(102)[Start]: [0m[35mNo pong received in the last 30 seconds, reconnecting...[0m
[35;1m[ERROR] 2025-11-05 15:54:26.569 okx-ws.go(102)[Start]: [0m[35mNo pong received in the last 30 seconds, reconnecting...[0m
[35;1m[ERROR] 2025-11-05 15:54:26.570 okx-ws.go(102)[Start]: [0m[35mNo pong received in the last 30 seconds, reconnecting...[0m
[35;1m[ERROR] 2025-11-05 15:54:26.581 okx-ws.go(102)[Start]: [0m[35mNo pong received in the last 30 seconds, reconnecting...[0m
[35;1m[ERROR] 2025-11-05 15:54:26.582 okx-ws.go(102)[Start]: [0m[35mNo pong received in the last 30 seconds, reconnecting...[0m
[35;1m[ERROR] 2025-11-05 15:54:26.641 okx-ws.go(102)[Start]: [0m[35mNo pong received in the last 30 seconds, reconnecting...[0m
[35;1m[ERROR] 2025-11-05 15:54:26.667 okx-ws.go(102)[Start]: [0m[35mNo pong received in the last 30 seconds, reconnecting...[0m
[35;1m[ERROR] 2025-11-05 15:54:26.668 okx-ws.go(102)[Start]: [0m[35mNo pong received in the last 30 seconds, reconnecting...[0m
[35;1m[ERROR] 2025-11-05 15:54:26.690 okx-ws.go(102)[Start]: [0m[35mNo pong received in the last 30 seconds, reconnecting...[0m
[35;1m[ERROR] 2025-11-05 15:54:26.715 okx-ws.go(102)[Start]: [0m[35mNo pong received in the last 30 seconds, reconnecting...[0m
[35;1m[ERROR] 2025-11-05 15:54:26.756 okx-ws.go(102)[Start]: [0m[35mNo pong received in the last 30 seconds, reconnecting...[0m
[35;1m[ERROR] 2025-11-05 16:10:36.758 okx-ws.go(102)[Start]: [0m[35mNo pong received in the last 30 seconds, reconnecting...[0m
[35;1m[ERROR] 2025-11-05 16:10:36.760 okx-ws.go(102)[Start]: [0m[35mNo pong received in the last 30 seconds, reconnecting...[0m
[35;1m[ERROR] 2025-11-05 16:10:36.760 okx-ws.go(102)[Start]: [0m[35mNo pong received in the last 30 seconds, reconnecting...[0m
[35;1m[ERROR] 2025-11-05 16:10:36.761 okx-ws.go(102)[Start]: [0m[35mNo pong received in the last 30 seconds, reconnecting...[0m
[35;1m[ERROR] 2025-11-05 16:10:36.761 okx-ws.go(102)[Start]: [0m[35mNo pong received in the last 30 seconds, reconnecting...[0m
[35;1m[ERROR] 2025-11-05 16:10:36.788 okx-ws.go(102)[Start]: [0m[35mNo pong received in the last 30 seconds, reconnecting...[0m
[35;1m[ERROR] 2025-11-05 16:10:36.788 okx-ws.go(102)[Start]: [0m[35mNo pong received in the last 30 seconds, reconnecting...[0m
[35;1m[ERROR] 2025-11-05 16:10:36.788 okx-ws.go(102)[Start]: [0m[35mNo pong received in the last 30 seconds, reconnecting...[0m
[35;1m[ERROR] 2025-11-05 16:10:36.871 okx-ws.go(102)[Start]: [0m[35mNo pong received in the last 30 seconds, reconnecting...[0m
[35;1m[ERROR] 2025-11-05 16:10:36.936 okx-ws.go(102)[Start]: [0m[35mNo pong received in the last 30 seconds, reconnecting...[0m
[35;1m[ERROR] 2025-11-05 16:10:36.980 okx-ws.go(102)[Start]: [0m[35mNo pong received in the last 30 seconds, reconnecting...[0m
[35;1m[ERROR] 2025-11-05 16:10:36.992 okx-ws.go(102)[Start]: [0m[35mNo pong received in the last 30 seconds, reconnecting...[0m
[35;1m[ERROR] 2025-11-05 16:10:37.031 okx-ws.go(102)[Start]: [0m[35mNo pong received in the last 30 seconds, reconnecting...[0m
[35;1m[ERROR] 2025-11-05 16:10:37.031 okx-ws.go(102)[Start]: [0m[35mNo pong received in the last 30 seconds, reconnecting...[0m
[35;1m[ERROR] 2025-11-05 16:10:37.152 okx-ws.go(102)[Start]: [0m[35mNo pong received in the last 30 seconds, reconnecting...[0m
[35;1m[ERROR] 2025-11-05 16:10:37.152 okx-ws.go(102)[Start]: [0m[35mNo pong received in the last 30 seconds, reconnecting...[0m
[35;1m[ERROR] 2025-11-05 16:10:37.155 okx-ws.go(102)[Start]: [0m[35mNo pong received in the last 30 seconds, reconnecting...[0m
[35;1m[ERROR] 2025-11-05 16:10:37.193 okx-ws.go(102)[Start]: [0m[35mNo pong received in the last 30 seconds, reconnecting...[0m
[35;1m[ERROR] 2025-11-05 16:10:37.254 okx-ws.go(102)[Start]: [0m[35mNo pong received in the last 30 seconds, reconnecting...[0m
[35;1m[ERROR] 2025-11-05 16:10:37.283 okx-ws.go(102)[Start]: [0m[35mNo pong received in the last 30 seconds, reconnecting...[0m
[35;1m[ERROR] 2025-11-05 16:10:37.287 okx-ws.go(102)[Start]: [0m[35mNo pong received in the last 30 seconds, reconnecting...[0m
[35;1m[ERROR] 2025-11-05 16:10:37.372 okx-ws.go(102)[Start]: [0m[35mNo pong received in the last 30 seconds, reconnecting...[0m
[35;1m[ERROR] 2025-11-05 16:10:37.443 okx-ws.go(102)[Start]: [0m[35mNo pong received in the last 30 seconds, reconnecting...[0m
[35;1m[ERROR] 2025-11-05 16:10:37.472 okx-ws.go(102)[Start]: [0m[35mNo pong received in the last 30 seconds, reconnecting...[0m
[35;1m[ERROR] 2025-11-05 16:10:37.473 okx-ws.go(102)[Start]: [0m[35mNo pong received in the last 30 seconds, reconnecting...[0m
[35;1m[ERROR] 2025-11-05 16:10:37.586 okx-ws.go(102)[Start]: [0m[35mNo pong received in the last 30 seconds, reconnecting...[0m
[35;1m[ERROR] 2025-11-05 16:10:37.599 okx-ws.go(102)[Start]: [0m[35mNo pong received in the last 30 seconds, reconnecting...[0m
[35;1m[ERROR] 2025-11-05 16:10:37.599 okx-ws.go(102)[Start]: [0m[35mNo pong received in the last 30 seconds, reconnecting...[0m
[35;1m[ERROR] 2025-11-05 16:10:37.599 okx-ws.go(102)[Start]: [0m[35mNo pong received in the last 30 seconds, reconnecting...[0m
[35;1m[ERROR] 2025-11-05 16:10:37.599 okx-ws.go(102)[Start]: [0m[35mNo pong received in the last 30 seconds, reconnecting...[0m
[35;1m[ERROR] 2025-11-05 16:10:45.664 okx-ws-connector.go(48)[LockDialWebSocket]: [0m[35mFailed to connect OKX WS: websocket: bad handshake[0m
[35;1m[ERROR] 2025-11-05 16:10:45.665 okx-ws.go(51)[Login]: [0m[35mWebSocket dial error: websocket: bad handshake[0m
[35;1m[ERROR] 2025-11-05 16:10:45.665 okx-ws.go(95)[Start]: [0m[35mLogin error: websocket: bad handshake[0m
[35;1m[ERROR] 2025-11-05 16:26:43.875 okx-ws.go(102)[Start]: [0m[35mNo pong received in the last 30 seconds, reconnecting...[0m
[35;1m[ERROR] 2025-11-05 16:26:43.886 okx-ws.go(102)[Start]: [0m[35mNo pong received in the last 30 seconds, reconnecting...[0m
[35;1m[ERROR] 2025-11-05 16:26:43.886 okx-ws.go(102)[Start]: [0m[35mNo pong received in the last 30 seconds, reconnecting...[0m
[35;1m[ERROR] 2025-11-05 16:26:43.886 okx-ws.go(102)[Start]: [0m[35mNo pong received in the last 30 seconds, reconnecting...[0m
[35;1m[ERROR] 2025-11-05 16:26:43.907 okx-ws.go(102)[Start]: [0m[35mNo pong received in the last 30 seconds, reconnecting...[0m
[35;1m[ERROR] 2025-11-05 16:26:43.907 okx-ws.go(102)[Start]: [0m[35mNo pong received in the last 30 seconds, reconnecting...[0m
[35;1m[ERROR] 2025-11-05 16:26:43.970 okx-ws.go(102)[Start]: [0m[35mNo pong received in the last 30 seconds, reconnecting...[0m
[35;1m[ERROR] 2025-11-05 16:26:44.018 okx-ws.go(102)[Start]: [0m[35mNo pong received in the last 30 seconds, reconnecting...[0m
[35;1m[ERROR] 2025-11-05 16:26:44.040 okx-ws.go(102)[Start]: [0m[35mNo pong received in the last 30 seconds, reconnecting...[0m
[35;1m[ERROR] 2025-11-05 16:26:44.065 okx-ws.go(102)[Start]: [0m[35mNo pong received in the last 30 seconds, reconnecting...[0m
[35;1m[ERROR] 2025-11-05 16:26:44.065 okx-ws.go(102)[Start]: [0m[35mNo pong received in the last 30 seconds, reconnecting...[0m
[35;1m[ERROR] 2025-11-05 16:26:44.091 okx-ws.go(102)[Start]: [0m[35mNo pong received in the last 30 seconds, reconnecting...[0m
[35;1m[ERROR] 2025-11-05 16:26:44.129 okx-ws.go(102)[Start]: [0m[35mNo pong received in the last 30 seconds, reconnecting...[0m
[35;1m[ERROR] 2025-11-05 16:26:44.129 okx-ws.go(102)[Start]: [0m[35mNo pong received in the last 30 seconds, reconnecting...[0m
[35;1m[ERROR] 2025-11-05 16:26:44.137 okx-ws.go(102)[Start]: [0m[35mNo pong received in the last 30 seconds, reconnecting...[0m
[35;1m[ERROR] 2025-11-05 16:26:44.168 okx-ws.go(102)[Start]: [0m[35mNo pong received in the last 30 seconds, reconnecting...[0m
[35;1m[ERROR] 2025-11-05 16:26:44.239 okx-ws.go(102)[Start]: [0m[35mNo pong received in the last 30 seconds, reconnecting...[0m
[35;1m[ERROR] 2025-11-05 16:26:44.282 okx-ws.go(102)[Start]: [0m[35mNo pong received in the last 30 seconds, reconnecting...[0m
[35;1m[ERROR] 2025-11-05 16:26:44.314 okx-ws.go(102)[Start]: [0m[35mNo pong received in the last 30 seconds, reconnecting...[0m
[35;1m[ERROR] 2025-11-05 16:26:44.315 okx-ws.go(102)[Start]: [0m[35mNo pong received in the last 30 seconds, reconnecting...[0m
[35;1m[ERROR] 2025-11-05 16:26:44.357 okx-ws.go(102)[Start]: [0m[35mNo pong received in the last 30 seconds, reconnecting...[0m
[35;1m[ERROR] 2025-11-05 16:26:44.378 okx-ws.go(102)[Start]: [0m[35mNo pong received in the last 30 seconds, reconnecting...[0m
[35;1m[ERROR] 2025-11-05 16:26:44.444 okx-ws.go(102)[Start]: [0m[35mNo pong received in the last 30 seconds, reconnecting...[0m
[35;1m[ERROR] 2025-11-05 16:26:44.444 okx-ws.go(102)[Start]: [0m[35mNo pong received in the last 30 seconds, reconnecting...[0m
[35;1m[ERROR] 2025-11-05 16:26:44.480 okx-ws.go(102)[Start]: [0m[35mNo pong received in the last 30 seconds, reconnecting...[0m
[35;1m[ERROR] 2025-11-05 16:26:44.568 okx-ws.go(102)[Start]: [0m[35mNo pong received in the last 30 seconds, reconnecting...[0m
[35;1m[ERROR] 2025-11-05 16:26:44.607 okx-ws.go(102)[Start]: [0m[35mNo pong received in the last 30 seconds, reconnecting...[0m
[35;1m[ERROR] 2025-11-05 16:26:44.607 okx-ws.go(102)[Start]: [0m[35mNo pong received in the last 30 seconds, reconnecting...[0m
[35;1m[ERROR] 2025-11-05 16:26:44.664 okx-ws.go(102)[Start]: [0m[35mNo pong received in the last 30 seconds, reconnecting...[0m
[35;1m[ERROR] 2025-11-05 16:26:44.672 okx-ws.go(102)[Start]: [0m[35mNo pong received in the last 30 seconds, reconnecting...[0m
[35;1m[ERROR] 2025-11-05 16:54:51.820 okx-ws.go(102)[Start]: [0m[35mNo pong received in the last 30 seconds, reconnecting...[0m
[35;1m[ERROR] 2025-11-05 16:54:51.820 okx-ws.go(102)[Start]: [0m[35mNo pong received in the last 30 seconds, reconnecting...[0m
[35;1m[ERROR] 2025-11-05 16:54:51.819 okx-ws.go(102)[Start]: [0m[35mNo pong received in the last 30 seconds, reconnecting...[0m
[35;1m[ERROR] 2025-11-05 16:54:51.828 okx-ws.go(102)[Start]: [0m[35mNo pong received in the last 30 seconds, reconnecting...[0m
[35;1m[ERROR] 2025-11-05 16:54:51.848 okx-ws.go(102)[Start]: [0m[35mNo pong received in the last 30 seconds, reconnecting...[0m
[35;1m[ERROR] 2025-11-05 16:54:51.828 okx-ws.go(102)[Start]: [0m[35mNo pong received in the last 30 seconds, reconnecting...[0m
[35;1m[ERROR] 2025-11-05 16:54:51.848 okx-ws.go(102)[Start]: [0m[35mNo pong received in the last 30 seconds, reconnecting...[0m
[35;1m[ERROR] 2025-11-05 16:54:51.917 okx-ws.go(102)[Start]: [0m[35mNo pong received in the last 30 seconds, reconnecting...[0m
[35;1m[ERROR] 2025-11-05 16:54:51.828 okx-ws.go(102)[Start]: [0m[35mNo pong received in the last 30 seconds, reconnecting...[0m
[35;1m[ERROR] 2025-11-05 16:54:51.975 okx-ws.go(102)[Start]: [0m[35mNo pong received in the last 30 seconds, reconnecting...[0m
[35;1m[ERROR] 2025-11-05 16:54:51.975 okx-ws.go(102)[Start]: [0m[35mNo pong received in the last 30 seconds, reconnecting...[0m
[35;1m[ERROR] 2025-11-05 16:54:52.046 okx-ws.go(102)[Start]: [0m[35mNo pong received in the last 30 seconds, reconnecting...[0m
[35;1m[ERROR] 2025-11-05 16:54:52.046 okx-ws.go(102)[Start]: [0m[35mNo pong received in the last 30 seconds, reconnecting...[0m
[35;1m[ERROR] 2025-11-05 16:54:52.046 okx-ws.go(102)[Start]: [0m[35mNo pong received in the last 30 seconds, reconnecting...[0m
[35;1m[ERROR] 2025-11-05 16:54:52.090 okx-ws.go(102)[Start]: [0m[35mNo pong received in the last 30 seconds, reconnecting...[0m
[35;1m[ERROR] 2025-11-05 16:54:52.192 okx-ws.go(102)[Start]: [0m[35mNo pong received in the last 30 seconds, reconnecting...[0m
[35;1m[ERROR] 2025-11-05 16:54:52.238 okx-ws.go(102)[Start]: [0m[35mNo pong received in the last 30 seconds, reconnecting...[0m
[35;1m[ERROR] 2025-11-05 16:54:52.330 okx-ws.go(102)[Start]: [0m[35mNo pong received in the last 30 seconds, reconnecting...[0m
[35;1m[ERROR] 2025-11-05 16:54:52.331 okx-ws.go(102)[Start]: [0m[35mNo pong received in the last 30 seconds, reconnecting...[0m
[35;1m[ERROR] 2025-11-05 16:54:52.331 okx-ws.go(102)[Start]: [0m[35mNo pong received in the last 30 seconds, reconnecting...[0m
[35;1m[ERROR] 2025-11-05 16:54:52.361 okx-ws.go(102)[Start]: [0m[35mNo pong received in the last 30 seconds, reconnecting...[0m
[35;1m[ERROR] 2025-11-05 16:54:52.441 okx-ws.go(102)[Start]: [0m[35mNo pong received in the last 30 seconds, reconnecting...[0m
[35;1m[ERROR] 2025-11-05 16:54:52.475 okx-ws.go(102)[Start]: [0m[35mNo pong received in the last 30 seconds, reconnecting...[0m
[35;1m[ERROR] 2025-11-05 16:54:52.475 okx-ws.go(102)[Start]: [0m[35mNo pong received in the last 30 seconds, reconnecting...[0m
[35;1m[ERROR] 2025-11-05 16:54:52.476 okx-ws.go(102)[Start]: [0m[35mNo pong received in the last 30 seconds, reconnecting...[0m
[35;1m[ERROR] 2025-11-05 16:54:52.476 okx-ws.go(102)[Start]: [0m[35mNo pong received in the last 30 seconds, reconnecting...[0m
[35;1m[ERROR] 2025-11-05 16:54:52.476 okx-ws.go(102)[Start]: [0m[35mNo pong received in the last 30 seconds, reconnecting...[0m
[35;1m[ERROR] 2025-11-05 16:54:52.528 okx-ws.go(102)[Start]: [0m[35mNo pong received in the last 30 seconds, reconnecting...[0m
[35;1m[ERROR] 2025-11-05 16:54:52.571 okx-ws.go(102)[Start]: [0m[35mNo pong received in the last 30 seconds, reconnecting...[0m
[35;1m[ERROR] 2025-11-05 16:54:52.619 okx-ws.go(102)[Start]: [0m[35mNo pong received in the last 30 seconds, reconnecting...[0m
[35;1m[ERROR] 2025-11-05 17:00:58.894 okx-ws.go(102)[Start]: [0m[35mNo pong received in the last 30 seconds, reconnecting...[0m
[35;1m[ERROR] 2025-11-05 17:00:58.895 okx-ws.go(102)[Start]: [0m[35mNo pong received in the last 30 seconds, reconnecting...[0m
[35;1m[ERROR] 2025-11-05 17:00:58.895 okx-ws.go(102)[Start]: [0m[35mNo pong received in the last 30 seconds, reconnecting...[0m
[35;1m[ERROR] 2025-11-05 17:00:58.895 okx-ws.go(102)[Start]: [0m[35mNo pong received in the last 30 seconds, reconnecting...[0m
[35;1m[ERROR] 2025-11-05 17:00:58.895 okx-ws.go(102)[Start]: [0m[35mNo pong received in the last 30 seconds, reconnecting...[0m
[35;1m[ERROR] 2025-11-05 17:00:58.916 okx-ws.go(102)[Start]: [0m[35mNo pong received in the last 30 seconds, reconnecting...[0m
[35;1m[ERROR] 2025-11-05 17:00:58.951 okx-ws.go(102)[Start]: [0m[35mNo pong received in the last 30 seconds, reconnecting...[0m
[35;1m[ERROR] 2025-11-05 17:00:58.951 okx-ws.go(102)[Start]: [0m[35mNo pong received in the last 30 seconds, reconnecting...[0m
[35;1m[ERROR] 2025-11-05 17:00:58.999 okx-ws.go(102)[Start]: [0m[35mNo pong received in the last 30 seconds, reconnecting...[0m
[35;1m[ERROR] 2025-11-05 17:00:59.020 okx-ws.go(102)[Start]: [0m[35mNo pong received in the last 30 seconds, reconnecting...[0m
[35;1m[ERROR] 2025-11-05 17:00:59.110 okx-ws.go(102)[Start]: [0m[35mNo pong received in the last 30 seconds, reconnecting...[0m
[35;1m[ERROR] 2025-11-05 17:00:59.158 okx-ws.go(102)[Start]: [0m[35mNo pong received in the last 30 seconds, reconnecting...[0m
[35;1m[ERROR] 2025-11-05 17:00:59.174 okx-ws.go(102)[Start]: [0m[35mNo pong received in the last 30 seconds, reconnecting...[0m
[35;1m[ERROR] 2025-11-05 17:00:59.196 okx-ws.go(102)[Start]: [0m[35mNo pong received in the last 30 seconds, reconnecting...[0m
[35;1m[ERROR] 2025-11-05 17:00:59.234 okx-ws.go(102)[Start]: [0m[35mNo pong received in the last 30 seconds, reconnecting...[0m
[35;1m[ERROR] 2025-11-05 17:00:59.288 okx-ws.go(102)[Start]: [0m[35mNo pong received in the last 30 seconds, reconnecting...[0m
[35;1m[ERROR] 2025-11-05 17:00:59.308 okx-ws.go(102)[Start]: [0m[35mNo pong received in the last 30 seconds, reconnecting...[0m
[35;1m[ERROR] 2025-11-05 17:00:59.354 okx-ws.go(102)[Start]: [0m[35mNo pong received in the last 30 seconds, reconnecting...[0m
[35;1m[ERROR] 2025-11-05 17:00:59.377 okx-ws.go(102)[Start]: [0m[35mNo pong received in the last 30 seconds, reconnecting...[0m
[35;1m[ERROR] 2025-11-05 17:00:59.377 okx-ws.go(102)[Start]: [0m[35mNo pong received in the last 30 seconds, reconnecting...[0m
[35;1m[ERROR] 2025-11-05 17:00:59.470 okx-ws.go(102)[Start]: [0m[35mNo pong received in the last 30 seconds, reconnecting...[0m
[35;1m[ERROR] 2025-11-05 17:00:59.479 okx-ws.go(102)[Start]: [0m[35mNo pong received in the last 30 seconds, reconnecting...[0m
[35;1m[ERROR] 2025-11-05 17:00:59.517 okx-ws.go(102)[Start]: [0m[35mNo pong received in the last 30 seconds, reconnecting...[0m
[35;1m[ERROR] 2025-11-05 17:00:59.517 okx-ws.go(102)[Start]: [0m[35mNo pong received in the last 30 seconds, reconnecting...[0m
[35;1m[ERROR] 2025-11-05 17:00:59.556 okx-ws.go(102)[Start]: [0m[35mNo pong received in the last 30 seconds, reconnecting...[0m
[35;1m[ERROR] 2025-11-05 17:00:59.556 okx-ws.go(102)[Start]: [0m[35mNo pong received in the last 30 seconds, reconnecting...[0m
[35;1m[ERROR] 2025-11-05 17:00:59.639 okx-ws.go(102)[Start]: [0m[35mNo pong received in the last 30 seconds, reconnecting...[0m
[35;1m[ERROR] 2025-11-05 17:00:59.684 okx-ws.go(102)[Start]: [0m[35mNo pong received in the last 30 seconds, reconnecting...[0m
[35;1m[ERROR] 2025-11-05 17:00:59.697 okx-ws.go(102)[Start]: [0m[35mNo pong received in the last 30 seconds, reconnecting...[0m
[35;1m[ERROR] 2025-11-05 17:00:59.723 okx-ws.go(102)[Start]: [0m[35mNo pong received in the last 30 seconds, reconnecting...[0m
[35;1m[ERROR] 2025-11-05 17:10:26.703 okx-ws-connector.go(48)[LockDialWebSocket]: [0m[35mFailed to connect OKX WS: websocket: bad handshake[0m
[35;1m[ERROR] 2025-11-05 17:10:26.705 okx-ws.go(51)[Login]: [0m[35mWebSocket dial error: websocket: bad handshake[0m
[35;1m[ERROR] 2025-11-05 17:10:26.705 okx-ws.go(95)[Start]: [0m[35mLogin error: websocket: bad handshake[0m
