[INFO]  2025-11-13 00:59:10.175 main.go(46)[main]: Database connected.
[INFO]  2025-11-13 00:59:10.180 main.go(56)[main]: Redis connected.
[INFO]  2025-11-13 00:59:10.180 main.go(64)[main]: Data collector created.
[INFO]  2025-11-13 00:59:10.556 ws.go(125)[Login]: WebSocket connected and logged in successfully, index: 0
[INFO]  2025-11-13 00:59:10.949 ws.go(125)[Login]: WebSocket connected and logged in successfully, index: 1
[INFO]  2025-11-13 01:01:34.961 main.go(46)[main]: Database connected.
[INFO]  2025-11-13 01:01:34.965 main.go(56)[main]: Redis connected.
[INFO]  2025-11-13 01:01:34.965 main.go(64)[main]: Data collector created.
[INFO]  2025-11-13 01:01:35.274 ws.go(125)[Login]: WebSocket connected and logged in successfully, index: 0
[INFO]  2025-11-13 01:01:35.644 ws.go(125)[Login]: WebSocket connected and logged in successfully, index: 1
[INFO]  2025-11-13 01:01:35.979 ws.go(125)[Login]: WebSocket connected and logged in successfully, index: 2
[INFO]  2025-11-13 01:06:29.078 main.go(46)[main]: Database connected.
[INFO]  2025-11-13 01:06:29.081 main.go(56)[main]: Redis connected.
[INFO]  2025-11-13 01:06:29.081 main.go(64)[main]: Data collector created.
[INFO]  2025-11-13 01:06:29.478 ws.go(125)[Login]: WebSocket connected and logged in successfully, index: 0
[INFO]  2025-11-13 01:06:29.855 ws.go(125)[Login]: WebSocket connected and logged in successfully, index: 1
[INFO]  2025-11-13 01:06:30.491 ws.go(125)[Login]: WebSocket connected and logged in successfully, index: 2
[INFO]  2025-11-13 01:11:06.905 main.go(46)[main]: Database connected.
[INFO]  2025-11-13 01:11:06.908 main.go(56)[main]: Redis connected.
[INFO]  2025-11-13 01:11:06.908 main.go(64)[main]: Data collector created.
[INFO]  2025-11-13 01:11:07.234 ws.go(125)[Login]: WebSocket connected and logged in successfully, index: 0
[INFO]  2025-11-13 01:11:07.569 ws.go(125)[Login]: WebSocket connected and logged in successfully, index: 1
[INFO]  2025-11-13 01:11:07.908 ws.go(125)[Login]: WebSocket connected and logged in successfully, index: 2
[INFO]  2025-11-13 01:11:07.921 binance_storer.go(268)[StoreData]: Stored 1 trade records from Binance
[error] 2025-11-13 01:11:07.923 [31;1m/Users/conso-dev1/code/dataCollector/Centralized-Data-Collector/internal/db/binance_trade.go:13 [35;1mERROR: duplicate key value violates unique constraint "market_agg_trade_pkey" (SQLSTATE 23505)
[0m[33m[2.477ms] [34;1m[rows:0][0m INSERT INTO "market_agg_trade" ("event","event_time","symbol","agg_id","price","quantity","first_id","last_id","timestamp","buyer_maker","ignore","created_at","id") VALUES ('aggTrade',1762967467321,'BTCUSDT',3739954555,101598.92,0.01333,5474934204,5474934204,1762967467321,true,true,'2025-11-13 01:11:07.908','200d4167-93c9-4c8e-88c3-9e80f7062738'),('aggTrade',1762967467357,'BTCUSDT',3739954556,101598.93,0.00098,5474934205,5474934206,1762967467356,false,true,'2025-11-13 01:11:07.921',DEFAULT) RETURNING "id"
[35;1m[ERROR] 2025-11-13 01:11:07.924 binance_storer.go(271)[StoreData]:
[0m[35mFailed to batch insert Binance trades: err = ERROR: duplicate key value violates unique constraint "market_agg_trade_pkey" (SQLSTATE 23505)[0m
[error] 2025-11-13 01:11:08.029 [31;1m/Users/conso-dev1/code/dataCollector/Centralized-Data-Collector/internal/db/binance_trade.go:13 [35;1mERROR: duplicate key value violates unique constraint "market_agg_trade_pkey" (SQLSTATE 23505)
[0m[33m[4.711ms] [34;1m[rows:0][0m INSERT INTO "market_agg_trade" ("event","event_time","symbol","agg_id","price","quantity","first_id","last_id","timestamp","buyer_maker","ignore","created_at","id") VALUES ('aggTrade',1762967467321,'BTCUSDT',3739954555,101598.92,0.01333,5474934204,5474934204,1762967467321,true,true,'2025-11-13 01:11:07.908','200d4167-93c9-4c8e-88c3-9e80f7062738'),('aggTrade',1762967467357,'BTCUSDT',3739954556,101598.93,0.00098,5474934205,5474934206,1762967467356,false,true,'2025-11-13 01:11:07.921',DEFAULT) RETURNING "id"
[35;1m[ERROR] 2025-11-13 01:11:08.029 binance_storer.go(271)[StoreData]:
[0m[35mFailed to batch insert Binance trades: err = ERROR: duplicate key value violates unique constraint "market_agg_trade_pkey" (SQLSTATE 23505)[0m
[error] 2025-11-13 01:11:08.135 [31;1m/Users/conso-dev1/code/dataCollector/Centralized-Data-Collector/internal/db/binance_trade.go:13 [35;1mERROR: duplicate key value violates unique constraint "market_agg_trade_pkey" (SQLSTATE 23505)
[0m[33m[4.905ms] [34;1m[rows:0][0m INSERT INTO "market_agg_trade" ("event","event_time","symbol","agg_id","price","quantity","first_id","last_id","timestamp","buyer_maker","ignore","created_at","id") VALUES ('aggTrade',1762967467321,'BTCUSDT',3739954555,101598.92,0.01333,5474934204,5474934204,1762967467321,true,true,'2025-11-13 01:11:07.908','200d4167-93c9-4c8e-88c3-9e80f7062738'),('aggTrade',1762967467357,'BTCUSDT',3739954556,101598.93,0.00098,5474934205,5474934206,1762967467356,false,true,'2025-11-13 01:11:07.921',DEFAULT) RETURNING "id"
[35;1m[ERROR] 2025-11-13 01:11:08.136 binance_storer.go(271)[StoreData]:
[0m[35mFailed to batch insert Binance trades: err = ERROR: duplicate key value violates unique constraint "market_agg_trade_pkey" (SQLSTATE 23505)[0m
[error] 2025-11-13 01:11:08.242 [31;1m/Users/conso-dev1/code/dataCollector/Centralized-Data-Collector/internal/db/binance_trade.go:13 [35;1mERROR: duplicate key value violates unique constraint "market_agg_trade_pkey" (SQLSTATE 23505)
[0m[33m[4.973ms] [34;1m[rows:0][0m INSERT INTO "market_agg_trade" ("event","event_time","symbol","agg_id","price","quantity","first_id","last_id","timestamp","buyer_maker","ignore","created_at","id") VALUES ('aggTrade',1762967467321,'BTCUSDT',3739954555,101598.92,0.01333,5474934204,5474934204,1762967467321,true,true,'2025-11-13 01:11:07.908','200d4167-93c9-4c8e-88c3-9e80f7062738'),('aggTrade',1762967467357,'BTCUSDT',3739954556,101598.93,0.00098,5474934205,5474934206,1762967467356,false,true,'2025-11-13 01:11:07.921',DEFAULT) RETURNING "id"
[35;1m[ERROR] 2025-11-13 01:11:08.242 binance_storer.go(271)[StoreData]:
[0m[35mFailed to batch insert Binance trades: err = ERROR: duplicate key value violates unique constraint "market_agg_trade_pkey" (SQLSTATE 23505)[0m
[error] 2025-11-13 01:11:08.348 [31;1m/Users/conso-dev1/code/dataCollector/Centralized-Data-Collector/internal/db/binance_trade.go:13 [35;1mERROR: duplicate key value violates unique constraint "market_agg_trade_pkey" (SQLSTATE 23505)
[0m[33m[5.099ms] [34;1m[rows:0][0m INSERT INTO "market_agg_trade" ("event","event_time","symbol","agg_id","price","quantity","first_id","last_id","timestamp","buyer_maker","ignore","created_at","id") VALUES ('aggTrade',1762967467321,'BTCUSDT',3739954555,101598.92,0.01333,5474934204,5474934204,1762967467321,true,true,'2025-11-13 01:11:07.908','200d4167-93c9-4c8e-88c3-9e80f7062738'),('aggTrade',1762967467357,'BTCUSDT',3739954556,101598.93,0.00098,5474934205,5474934206,1762967467356,false,true,'2025-11-13 01:11:07.921',DEFAULT) RETURNING "id"
[35;1m[ERROR] 2025-11-13 01:11:08.348 binance_storer.go(271)[StoreData]:
[0m[35mFailed to batch insert Binance trades: err = ERROR: duplicate key value violates unique constraint "market_agg_trade_pkey" (SQLSTATE 23505)[0m
[error] 2025-11-13 01:11:08.454 [31;1m/Users/conso-dev1/code/dataCollector/Centralized-Data-Collector/internal/db/binance_trade.go:13 [35;1mERROR: duplicate key value violates unique constraint "market_agg_trade_pkey" (SQLSTATE 23505)
[0m[33m[5.227ms] [34;1m[rows:0][0m INSERT INTO "market_agg_trade" ("event","event_time","symbol","agg_id","price","quantity","first_id","last_id","timestamp","buyer_maker","ignore","created_at","id") VALUES ('aggTrade',1762967467321,'BTCUSDT',3739954555,101598.92,0.01333,5474934204,5474934204,1762967467321,true,true,'2025-11-13 01:11:07.908','200d4167-93c9-4c8e-88c3-9e80f7062738'),('aggTrade',1762967467357,'BTCUSDT',3739954556,101598.93,0.00098,5474934205,5474934206,1762967467356,false,true,'2025-11-13 01:11:07.921',DEFAULT) RETURNING "id"
[35;1m[ERROR] 2025-11-13 01:11:08.454 binance_storer.go(271)[StoreData]:
[0m[35mFailed to batch insert Binance trades: err = ERROR: duplicate key value violates unique constraint "market_agg_trade_pkey" (SQLSTATE 23505)[0m
[error] 2025-11-13 01:11:08.559 [31;1m/Users/conso-dev1/code/dataCollector/Centralized-Data-Collector/internal/db/binance_trade.go:13 [35;1mERROR: duplicate key value violates unique constraint "market_agg_trade_pkey" (SQLSTATE 23505)
[0m[33m[3.817ms] [34;1m[rows:0][0m INSERT INTO "market_agg_trade" ("event","event_time","symbol","agg_id","price","quantity","first_id","last_id","timestamp","buyer_maker","ignore","created_at","id") VALUES ('aggTrade',1762967467321,'BTCUSDT',3739954555,101598.92,0.01333,5474934204,5474934204,1762967467321,true,true,'2025-11-13 01:11:07.908','200d4167-93c9-4c8e-88c3-9e80f7062738'),('aggTrade',1762967467357,'BTCUSDT',3739954556,101598.93,0.00098,5474934205,5474934206,1762967467356,false,true,'2025-11-13 01:11:07.921',DEFAULT) RETURNING "id"
[35;1m[ERROR] 2025-11-13 01:11:08.559 binance_storer.go(271)[StoreData]:
[0m[35mFailed to batch insert Binance trades: err = ERROR: duplicate key value violates unique constraint "market_agg_trade_pkey" (SQLSTATE 23505)[0m
[error] 2025-11-13 01:11:08.665 [31;1m/Users/conso-dev1/code/dataCollector/Centralized-Data-Collector/internal/db/binance_trade.go:13 [35;1mERROR: duplicate key value violates unique constraint "market_agg_trade_pkey" (SQLSTATE 23505)
[0m[33m[4.917ms] [34;1m[rows:0][0m INSERT INTO "market_agg_trade" ("event","event_time","symbol","agg_id","price","quantity","first_id","last_id","timestamp","buyer_maker","ignore","created_at","id") VALUES ('aggTrade',1762967467321,'BTCUSDT',3739954555,101598.92,0.01333,5474934204,5474934204,1762967467321,true,true,'2025-11-13 01:11:07.908','200d4167-93c9-4c8e-88c3-9e80f7062738'),('aggTrade',1762967467357,'BTCUSDT',3739954556,101598.93,0.00098,5474934205,5474934206,1762967467356,false,true,'2025-11-13 01:11:07.921',DEFAULT) RETURNING "id"
[35;1m[ERROR] 2025-11-13 01:11:08.665 binance_storer.go(271)[StoreData]:
[0m[35mFailed to batch insert Binance trades: err = ERROR: duplicate key value violates unique constraint "market_agg_trade_pkey" (SQLSTATE 23505)[0m
[error] 2025-11-13 01:11:08.771 [31;1m/Users/conso-dev1/code/dataCollector/Centralized-Data-Collector/internal/db/binance_trade.go:13 [35;1mERROR: duplicate key value violates unique constraint "market_agg_trade_pkey" (SQLSTATE 23505)
[0m[33m[4.918ms] [34;1m[rows:0][0m INSERT INTO "market_agg_trade" ("event","event_time","symbol","agg_id","price","quantity","first_id","last_id","timestamp","buyer_maker","ignore","created_at","id") VALUES ('aggTrade',1762967467321,'BTCUSDT',3739954555,101598.92,0.01333,5474934204,5474934204,1762967467321,true,true,'2025-11-13 01:11:07.908','200d4167-93c9-4c8e-88c3-9e80f7062738'),('aggTrade',1762967467357,'BTCUSDT',3739954556,101598.93,0.00098,5474934205,5474934206,1762967467356,false,true,'2025-11-13 01:11:07.921',DEFAULT) RETURNING "id"
[35;1m[ERROR] 2025-11-13 01:11:08.771 binance_storer.go(271)[StoreData]:
[0m[35mFailed to batch insert Binance trades: err = ERROR: duplicate key value violates unique constraint "market_agg_trade_pkey" (SQLSTATE 23505)[0m
[error] 2025-11-13 01:11:08.878 [31;1m/Users/conso-dev1/code/dataCollector/Centralized-Data-Collector/internal/db/binance_trade.go:13 [35;1mERROR: duplicate key value violates unique constraint "market_agg_trade_pkey" (SQLSTATE 23505)
[0m[33m[5.399ms] [34;1m[rows:0][0m INSERT INTO "market_agg_trade" ("event","event_time","symbol","agg_id","price","quantity","first_id","last_id","timestamp","buyer_maker","ignore","created_at","id") VALUES ('aggTrade',1762967467321,'BTCUSDT',3739954555,101598.92,0.01333,5474934204,5474934204,1762967467321,true,true,'2025-11-13 01:11:07.908','200d4167-93c9-4c8e-88c3-9e80f7062738'),('aggTrade',1762967467357,'BTCUSDT',3739954556,101598.93,0.00098,5474934205,5474934206,1762967467356,false,true,'2025-11-13 01:11:07.921',DEFAULT) RETURNING "id"
[35;1m[ERROR] 2025-11-13 01:11:08.878 binance_storer.go(271)[StoreData]:
[0m[35mFailed to batch insert Binance trades: err = ERROR: duplicate key value violates unique constraint "market_agg_trade_pkey" (SQLSTATE 23505)[0m
[error] 2025-11-13 01:11:08.984 [31;1m/Users/conso-dev1/code/dataCollector/Centralized-Data-Collector/internal/db/binance_trade.go:13 [35;1mERROR: duplicate key value violates unique constraint "market_agg_trade_pkey" (SQLSTATE 23505)
[0m[33m[5.317ms] [34;1m[rows:0][0m INSERT INTO "market_agg_trade" ("event","event_time","symbol","agg_id","price","quantity","first_id","last_id","timestamp","buyer_maker","ignore","created_at","id") VALUES ('aggTrade',1762967467321,'BTCUSDT',3739954555,101598.92,0.01333,5474934204,5474934204,1762967467321,true,true,'2025-11-13 01:11:07.908','200d4167-93c9-4c8e-88c3-9e80f7062738'),('aggTrade',1762967467357,'BTCUSDT',3739954556,101598.93,0.00098,5474934205,5474934206,1762967467356,false,true,'2025-11-13 01:11:07.921',DEFAULT) RETURNING "id"
[35;1m[ERROR] 2025-11-13 01:11:08.984 binance_storer.go(271)[StoreData]:
[0m[35mFailed to batch insert Binance trades: err = ERROR: duplicate key value violates unique constraint "market_agg_trade_pkey" (SQLSTATE 23505)[0m
[error] 2025-11-13 01:11:09.090 [31;1m/Users/conso-dev1/code/dataCollector/Centralized-Data-Collector/internal/db/binance_trade.go:13 [35;1mERROR: duplicate key value violates unique constraint "market_agg_trade_pkey" (SQLSTATE 23505)
[0m[33m[5.038ms] [34;1m[rows:0][0m INSERT INTO "market_agg_trade" ("event","event_time","symbol","agg_id","price","quantity","first_id","last_id","timestamp","buyer_maker","ignore","created_at","id") VALUES ('aggTrade',1762967467321,'BTCUSDT',3739954555,101598.92,0.01333,5474934204,5474934204,1762967467321,true,true,'2025-11-13 01:11:07.908','200d4167-93c9-4c8e-88c3-9e80f7062738'),('aggTrade',1762967467357,'BTCUSDT',3739954556,101598.93,0.00098,5474934205,5474934206,1762967467356,false,true,'2025-11-13 01:11:07.921',DEFAULT) RETURNING "id"
[35;1m[ERROR] 2025-11-13 01:11:09.090 binance_storer.go(271)[StoreData]:
[0m[35mFailed to batch insert Binance trades: err = ERROR: duplicate key value violates unique constraint "market_agg_trade_pkey" (SQLSTATE 23505)[0m
[error] 2025-11-13 01:11:09.196 [31;1m/Users/conso-dev1/code/dataCollector/Centralized-Data-Collector/internal/db/binance_trade.go:13 [35;1mERROR: duplicate key value violates unique constraint "market_agg_trade_pkey" (SQLSTATE 23505)
[0m[33m[5.261ms] [34;1m[rows:0][0m INSERT INTO "market_agg_trade" ("event","event_time","symbol","agg_id","price","quantity","first_id","last_id","timestamp","buyer_maker","ignore","created_at","id") VALUES ('aggTrade',1762967467321,'BTCUSDT',3739954555,101598.92,0.01333,5474934204,5474934204,1762967467321,true,true,'2025-11-13 01:11:07.908','200d4167-93c9-4c8e-88c3-9e80f7062738'),('aggTrade',1762967467357,'BTCUSDT',3739954556,101598.93,0.00098,5474934205,5474934206,1762967467356,false,true,'2025-11-13 01:11:07.921',DEFAULT) RETURNING "id"
[35;1m[ERROR] 2025-11-13 01:11:09.196 binance_storer.go(271)[StoreData]:
[0m[35mFailed to batch insert Binance trades: err = ERROR: duplicate key value violates unique constraint "market_agg_trade_pkey" (SQLSTATE 23505)[0m
[error] 2025-11-13 01:11:09.303 [31;1m/Users/conso-dev1/code/dataCollector/Centralized-Data-Collector/internal/db/binance_trade.go:13 [35;1mERROR: duplicate key value violates unique constraint "market_agg_trade_pkey" (SQLSTATE 23505)
[0m[33m[5.062ms] [34;1m[rows:0][0m INSERT INTO "market_agg_trade" ("event","event_time","symbol","agg_id","price","quantity","first_id","last_id","timestamp","buyer_maker","ignore","created_at","id") VALUES ('aggTrade',1762967467321,'BTCUSDT',3739954555,101598.92,0.01333,5474934204,5474934204,1762967467321,true,true,'2025-11-13 01:11:07.908','200d4167-93c9-4c8e-88c3-9e80f7062738'),('aggTrade',1762967467357,'BTCUSDT',3739954556,101598.93,0.00098,5474934205,5474934206,1762967467356,false,true,'2025-11-13 01:11:07.921',DEFAULT) RETURNING "id"
[35;1m[ERROR] 2025-11-13 01:11:09.303 binance_storer.go(271)[StoreData]:
[0m[35mFailed to batch insert Binance trades: err = ERROR: duplicate key value violates unique constraint "market_agg_trade_pkey" (SQLSTATE 23505)[0m
[error] 2025-11-13 01:11:09.409 [31;1m/Users/conso-dev1/code/dataCollector/Centralized-Data-Collector/internal/db/binance_trade.go:13 [35;1mERROR: duplicate key value violates unique constraint "market_agg_trade_pkey" (SQLSTATE 23505)
[0m[33m[5.096ms] [34;1m[rows:0][0m INSERT INTO "market_agg_trade" ("event","event_time","symbol","agg_id","price","quantity","first_id","last_id","timestamp","buyer_maker","ignore","created_at","id") VALUES ('aggTrade',1762967467321,'BTCUSDT',3739954555,101598.92,0.01333,5474934204,5474934204,1762967467321,true,true,'2025-11-13 01:11:07.908','200d4167-93c9-4c8e-88c3-9e80f7062738'),('aggTrade',1762967467357,'BTCUSDT',3739954556,101598.93,0.00098,5474934205,5474934206,1762967467356,false,true,'2025-11-13 01:11:07.921',DEFAULT) RETURNING "id"
[35;1m[ERROR] 2025-11-13 01:11:09.409 binance_storer.go(271)[StoreData]:
[0m[35mFailed to batch insert Binance trades: err = ERROR: duplicate key value violates unique constraint "market_agg_trade_pkey" (SQLSTATE 23505)[0m
[error] 2025-11-13 01:11:09.515 [31;1m/Users/conso-dev1/code/dataCollector/Centralized-Data-Collector/internal/db/binance_trade.go:13 [35;1mERROR: duplicate key value violates unique constraint "market_agg_trade_pkey" (SQLSTATE 23505)
[0m[33m[5.095ms] [34;1m[rows:0][0m INSERT INTO "market_agg_trade" ("event","event_time","symbol","agg_id","price","quantity","first_id","last_id","timestamp","buyer_maker","ignore","created_at","id") VALUES ('aggTrade',1762967467321,'BTCUSDT',3739954555,101598.92,0.01333,5474934204,5474934204,1762967467321,true,true,'2025-11-13 01:11:07.908','200d4167-93c9-4c8e-88c3-9e80f7062738'),('aggTrade',1762967467357,'BTCUSDT',3739954556,101598.93,0.00098,5474934205,5474934206,1762967467356,false,true,'2025-11-13 01:11:07.921',DEFAULT) RETURNING "id"
[35;1m[ERROR] 2025-11-13 01:11:09.515 binance_storer.go(271)[StoreData]:
[0m[35mFailed to batch insert Binance trades: err = ERROR: duplicate key value violates unique constraint "market_agg_trade_pkey" (SQLSTATE 23505)[0m
[error] 2025-11-13 01:11:09.621 [31;1m/Users/conso-dev1/code/dataCollector/Centralized-Data-Collector/internal/db/binance_trade.go:13 [35;1mERROR: duplicate key value violates unique constraint "market_agg_trade_pkey" (SQLSTATE 23505)
[0m[33m[4.985ms] [34;1m[rows:0][0m INSERT INTO "market_agg_trade" ("event","event_time","symbol","agg_id","price","quantity","first_id","last_id","timestamp","buyer_maker","ignore","created_at","id") VALUES ('aggTrade',1762967467321,'BTCUSDT',3739954555,101598.92,0.01333,5474934204,5474934204,1762967467321,true,true,'2025-11-13 01:11:07.908','200d4167-93c9-4c8e-88c3-9e80f7062738'),('aggTrade',1762967467357,'BTCUSDT',3739954556,101598.93,0.00098,5474934205,5474934206,1762967467356,false,true,'2025-11-13 01:11:07.921',DEFAULT) RETURNING "id"
[35;1m[ERROR] 2025-11-13 01:11:09.621 binance_storer.go(271)[StoreData]:
[0m[35mFailed to batch insert Binance trades: err = ERROR: duplicate key value violates unique constraint "market_agg_trade_pkey" (SQLSTATE 23505)[0m
[error] 2025-11-13 01:11:09.727 [31;1m/Users/conso-dev1/code/dataCollector/Centralized-Data-Collector/internal/db/binance_trade.go:13 [35;1mERROR: duplicate key value violates unique constraint "market_agg_trade_pkey" (SQLSTATE 23505)
[0m[33m[5.006ms] [34;1m[rows:0][0m INSERT INTO "market_agg_trade" ("event","event_time","symbol","agg_id","price","quantity","first_id","last_id","timestamp","buyer_maker","ignore","created_at","id") VALUES ('aggTrade',1762967467321,'BTCUSDT',3739954555,101598.92,0.01333,5474934204,5474934204,1762967467321,true,true,'2025-11-13 01:11:07.908','200d4167-93c9-4c8e-88c3-9e80f7062738'),('aggTrade',1762967467357,'BTCUSDT',3739954556,101598.93,0.00098,5474934205,5474934206,1762967467356,false,true,'2025-11-13 01:11:07.921',DEFAULT) RETURNING "id"
[35;1m[ERROR] 2025-11-13 01:11:09.727 binance_storer.go(271)[StoreData]:
[0m[35mFailed to batch insert Binance trades: err = ERROR: duplicate key value violates unique constraint "market_agg_trade_pkey" (SQLSTATE 23505)[0m
[error] 2025-11-13 01:11:09.834 [31;1m/Users/conso-dev1/code/dataCollector/Centralized-Data-Collector/internal/db/binance_trade.go:13 [35;1mERROR: duplicate key value violates unique constraint "market_agg_trade_pkey" (SQLSTATE 23505)
[0m[33m[5.043ms] [34;1m[rows:0][0m INSERT INTO "market_agg_trade" ("event","event_time","symbol","agg_id","price","quantity","first_id","last_id","timestamp","buyer_maker","ignore","created_at","id") VALUES ('aggTrade',1762967467321,'BTCUSDT',3739954555,101598.92,0.01333,5474934204,5474934204,1762967467321,true,true,'2025-11-13 01:11:07.908','200d4167-93c9-4c8e-88c3-9e80f7062738'),('aggTrade',1762967467357,'BTCUSDT',3739954556,101598.93,0.00098,5474934205,5474934206,1762967467356,false,true,'2025-11-13 01:11:07.921',DEFAULT) RETURNING "id"
[35;1m[ERROR] 2025-11-13 01:11:09.834 binance_storer.go(271)[StoreData]:
[0m[35mFailed to batch insert Binance trades: err = ERROR: duplicate key value violates unique constraint "market_agg_trade_pkey" (SQLSTATE 23505)[0m
[error] 2025-11-13 01:11:09.940 [31;1m/Users/conso-dev1/code/dataCollector/Centralized-Data-Collector/internal/db/binance_trade.go:13 [35;1mERROR: duplicate key value violates unique constraint "market_agg_trade_pkey" (SQLSTATE 23505)
[0m[33m[5.621ms] [34;1m[rows:0][0m INSERT INTO "market_agg_trade" ("event","event_time","symbol","agg_id","price","quantity","first_id","last_id","timestamp","buyer_maker","ignore","created_at","id") VALUES ('aggTrade',1762967467321,'BTCUSDT',3739954555,101598.92,0.01333,5474934204,5474934204,1762967467321,true,true,'2025-11-13 01:11:07.908','200d4167-93c9-4c8e-88c3-9e80f7062738'),('aggTrade',1762967467357,'BTCUSDT',3739954556,101598.93,0.00098,5474934205,5474934206,1762967467356,false,true,'2025-11-13 01:11:07.921',DEFAULT) RETURNING "id"
[35;1m[ERROR] 2025-11-13 01:11:09.940 binance_storer.go(271)[StoreData]:
[0m[35mFailed to batch insert Binance trades: err = ERROR: duplicate key value violates unique constraint "market_agg_trade_pkey" (SQLSTATE 23505)[0m
[error] 2025-11-13 01:11:10.047 [31;1m/Users/conso-dev1/code/dataCollector/Centralized-Data-Collector/internal/db/binance_trade.go:13 [35;1mERROR: duplicate key value violates unique constraint "market_agg_trade_pkey" (SQLSTATE 23505)
[0m[33m[5.121ms] [34;1m[rows:0][0m INSERT INTO "market_agg_trade" ("event","event_time","symbol","agg_id","price","quantity","first_id","last_id","timestamp","buyer_maker","ignore","created_at","id") VALUES ('aggTrade',1762967467321,'BTCUSDT',3739954555,101598.92,0.01333,5474934204,5474934204,1762967467321,true,true,'2025-11-13 01:11:07.908','200d4167-93c9-4c8e-88c3-9e80f7062738'),('aggTrade',1762967467357,'BTCUSDT',3739954556,101598.93,0.00098,5474934205,5474934206,1762967467356,false,true,'2025-11-13 01:11:07.921',DEFAULT) RETURNING "id"
[35;1m[ERROR] 2025-11-13 01:11:10.047 binance_storer.go(271)[StoreData]:
[0m[35mFailed to batch insert Binance trades: err = ERROR: duplicate key value violates unique constraint "market_agg_trade_pkey" (SQLSTATE 23505)[0m
[error] 2025-11-13 01:11:10.153 [31;1m/Users/conso-dev1/code/dataCollector/Centralized-Data-Collector/internal/db/binance_trade.go:13 [35;1mERROR: duplicate key value violates unique constraint "market_agg_trade_pkey" (SQLSTATE 23505)
[0m[33m[4.706ms] [34;1m[rows:0][0m INSERT INTO "market_agg_trade" ("event","event_time","symbol","agg_id","price","quantity","first_id","last_id","timestamp","buyer_maker","ignore","created_at","id") VALUES ('aggTrade',1762967467321,'BTCUSDT',3739954555,101598.92,0.01333,5474934204,5474934204,1762967467321,true,true,'2025-11-13 01:11:07.908','200d4167-93c9-4c8e-88c3-9e80f7062738'),('aggTrade',1762967467357,'BTCUSDT',3739954556,101598.93,0.00098,5474934205,5474934206,1762967467356,false,true,'2025-11-13 01:11:07.921',DEFAULT) RETURNING "id"
[35;1m[ERROR] 2025-11-13 01:11:10.153 binance_storer.go(271)[StoreData]:
[0m[35mFailed to batch insert Binance trades: err = ERROR: duplicate key value violates unique constraint "market_agg_trade_pkey" (SQLSTATE 23505)[0m
[error] 2025-11-13 01:11:10.259 [31;1m/Users/conso-dev1/code/dataCollector/Centralized-Data-Collector/internal/db/binance_trade.go:13 [35;1mERROR: duplicate key value violates unique constraint "market_agg_trade_pkey" (SQLSTATE 23505)
[0m[33m[5.204ms] [34;1m[rows:0][0m INSERT INTO "market_agg_trade" ("event","event_time","symbol","agg_id","price","quantity","first_id","last_id","timestamp","buyer_maker","ignore","created_at","id") VALUES ('aggTrade',1762967467321,'BTCUSDT',3739954555,101598.92,0.01333,5474934204,5474934204,1762967467321,true,true,'2025-11-13 01:11:07.908','200d4167-93c9-4c8e-88c3-9e80f7062738'),('aggTrade',1762967467357,'BTCUSDT',3739954556,101598.93,0.00098,5474934205,5474934206,1762967467356,false,true,'2025-11-13 01:11:07.921',DEFAULT) RETURNING "id"
[35;1m[ERROR] 2025-11-13 01:11:10.259 binance_storer.go(271)[StoreData]:
[0m[35mFailed to batch insert Binance trades: err = ERROR: duplicate key value violates unique constraint "market_agg_trade_pkey" (SQLSTATE 23505)[0m
[error] 2025-11-13 01:11:10.365 [31;1m/Users/conso-dev1/code/dataCollector/Centralized-Data-Collector/internal/db/binance_trade.go:13 [35;1mERROR: duplicate key value violates unique constraint "market_agg_trade_pkey" (SQLSTATE 23505)
[0m[33m[5.303ms] [34;1m[rows:0][0m INSERT INTO "market_agg_trade" ("event","event_time","symbol","agg_id","price","quantity","first_id","last_id","timestamp","buyer_maker","ignore","created_at","id") VALUES ('aggTrade',1762967467321,'BTCUSDT',3739954555,101598.92,0.01333,5474934204,5474934204,1762967467321,true,true,'2025-11-13 01:11:07.908','200d4167-93c9-4c8e-88c3-9e80f7062738'),('aggTrade',1762967467357,'BTCUSDT',3739954556,101598.93,0.00098,5474934205,5474934206,1762967467356,false,true,'2025-11-13 01:11:07.921',DEFAULT) RETURNING "id"
[35;1m[ERROR] 2025-11-13 01:11:10.365 binance_storer.go(271)[StoreData]:
[0m[35mFailed to batch insert Binance trades: err = ERROR: duplicate key value violates unique constraint "market_agg_trade_pkey" (SQLSTATE 23505)[0m
[error] 2025-11-13 01:11:10.472 [31;1m/Users/conso-dev1/code/dataCollector/Centralized-Data-Collector/internal/db/binance_trade.go:13 [35;1mERROR: duplicate key value violates unique constraint "market_agg_trade_pkey" (SQLSTATE 23505)
[0m[33m[5.364ms] [34;1m[rows:0][0m INSERT INTO "market_agg_trade" ("event","event_time","symbol","agg_id","price","quantity","first_id","last_id","timestamp","buyer_maker","ignore","created_at","id") VALUES ('aggTrade',1762967467321,'BTCUSDT',3739954555,101598.92,0.01333,5474934204,5474934204,1762967467321,true,true,'2025-11-13 01:11:07.908','200d4167-93c9-4c8e-88c3-9e80f7062738'),('aggTrade',1762967467357,'BTCUSDT',3739954556,101598.93,0.00098,5474934205,5474934206,1762967467356,false,true,'2025-11-13 01:11:07.921',DEFAULT) RETURNING "id"
[35;1m[ERROR] 2025-11-13 01:11:10.472 binance_storer.go(271)[StoreData]:
[0m[35mFailed to batch insert Binance trades: err = ERROR: duplicate key value violates unique constraint "market_agg_trade_pkey" (SQLSTATE 23505)[0m
[error] 2025-11-13 01:11:10.580 [31;1m/Users/conso-dev1/code/dataCollector/Centralized-Data-Collector/internal/db/binance_trade.go:13 [35;1mERROR: duplicate key value violates unique constraint "market_agg_trade_pkey" (SQLSTATE 23505)
[0m[33m[6.834ms] [34;1m[rows:0][0m INSERT INTO "market_agg_trade" ("event","event_time","symbol","agg_id","price","quantity","first_id","last_id","timestamp","buyer_maker","ignore","created_at","id") VALUES ('aggTrade',1762967467321,'BTCUSDT',3739954555,101598.92,0.01333,5474934204,5474934204,1762967467321,true,true,'2025-11-13 01:11:07.908','200d4167-93c9-4c8e-88c3-9e80f7062738'),('aggTrade',1762967467357,'BTCUSDT',3739954556,101598.93,0.00098,5474934205,5474934206,1762967467356,false,true,'2025-11-13 01:11:07.921',DEFAULT) RETURNING "id"
[35;1m[ERROR] 2025-11-13 01:11:10.580 binance_storer.go(271)[StoreData]:
[0m[35mFailed to batch insert Binance trades: err = ERROR: duplicate key value violates unique constraint "market_agg_trade_pkey" (SQLSTATE 23505)[0m
[error] 2025-11-13 01:11:10.686 [31;1m/Users/conso-dev1/code/dataCollector/Centralized-Data-Collector/internal/db/binance_trade.go:13 [35;1mERROR: duplicate key value violates unique constraint "market_agg_trade_pkey" (SQLSTATE 23505)
[0m[33m[5.169ms] [34;1m[rows:0][0m INSERT INTO "market_agg_trade" ("event","event_time","symbol","agg_id","price","quantity","first_id","last_id","timestamp","buyer_maker","ignore","created_at","id") VALUES ('aggTrade',1762967467321,'BTCUSDT',3739954555,101598.92,0.01333,5474934204,5474934204,1762967467321,true,true,'2025-11-13 01:11:07.908','200d4167-93c9-4c8e-88c3-9e80f7062738'),('aggTrade',1762967467357,'BTCUSDT',3739954556,101598.93,0.00098,5474934205,5474934206,1762967467356,false,true,'2025-11-13 01:11:07.921',DEFAULT) RETURNING "id"
[35;1m[ERROR] 2025-11-13 01:11:10.686 binance_storer.go(271)[StoreData]:
[0m[35mFailed to batch insert Binance trades: err = ERROR: duplicate key value violates unique constraint "market_agg_trade_pkey" (SQLSTATE 23505)[0m
[error] 2025-11-13 01:11:10.793 [31;1m/Users/conso-dev1/code/dataCollector/Centralized-Data-Collector/internal/db/binance_trade.go:13 [35;1mERROR: duplicate key value violates unique constraint "market_agg_trade_pkey" (SQLSTATE 23505)
[0m[33m[5.625ms] [34;1m[rows:0][0m INSERT INTO "market_agg_trade" ("event","event_time","symbol","agg_id","price","quantity","first_id","last_id","timestamp","buyer_maker","ignore","created_at","id") VALUES ('aggTrade',1762967467321,'BTCUSDT',3739954555,101598.92,0.01333,5474934204,5474934204,1762967467321,true,true,'2025-11-13 01:11:07.908','200d4167-93c9-4c8e-88c3-9e80f7062738'),('aggTrade',1762967467357,'BTCUSDT',3739954556,101598.93,0.00098,5474934205,5474934206,1762967467356,false,true,'2025-11-13 01:11:07.921',DEFAULT) RETURNING "id"
[35;1m[ERROR] 2025-11-13 01:11:10.793 binance_storer.go(271)[StoreData]:
[0m[35mFailed to batch insert Binance trades: err = ERROR: duplicate key value violates unique constraint "market_agg_trade_pkey" (SQLSTATE 23505)[0m
[error] 2025-11-13 01:11:10.899 [31;1m/Users/conso-dev1/code/dataCollector/Centralized-Data-Collector/internal/db/binance_trade.go:13 [35;1mERROR: duplicate key value violates unique constraint "market_agg_trade_pkey" (SQLSTATE 23505)
[0m[33m[5.339ms] [34;1m[rows:0][0m INSERT INTO "market_agg_trade" ("event","event_time","symbol","agg_id","price","quantity","first_id","last_id","timestamp","buyer_maker","ignore","created_at","id") VALUES ('aggTrade',1762967467321,'BTCUSDT',3739954555,101598.92,0.01333,5474934204,5474934204,1762967467321,true,true,'2025-11-13 01:11:07.908','200d4167-93c9-4c8e-88c3-9e80f7062738'),('aggTrade',1762967467357,'BTCUSDT',3739954556,101598.93,0.00098,5474934205,5474934206,1762967467356,false,true,'2025-11-13 01:11:07.921',DEFAULT) RETURNING "id"
[35;1m[ERROR] 2025-11-13 01:11:10.899 binance_storer.go(271)[StoreData]:
[0m[35mFailed to batch insert Binance trades: err = ERROR: duplicate key value violates unique constraint "market_agg_trade_pkey" (SQLSTATE 23505)[0m
[error] 2025-11-13 01:11:11.004 [31;1m/Users/conso-dev1/code/dataCollector/Centralized-Data-Collector/internal/db/binance_trade.go:13 [35;1mERROR: duplicate key value violates unique constraint "market_agg_trade_pkey" (SQLSTATE 23505)
[0m[33m[4.375ms] [34;1m[rows:0][0m INSERT INTO "market_agg_trade" ("event","event_time","symbol","agg_id","price","quantity","first_id","last_id","timestamp","buyer_maker","ignore","created_at","id") VALUES ('aggTrade',1762967467321,'BTCUSDT',3739954555,101598.92,0.01333,5474934204,5474934204,1762967467321,true,true,'2025-11-13 01:11:07.908','200d4167-93c9-4c8e-88c3-9e80f7062738'),('aggTrade',1762967467357,'BTCUSDT',3739954556,101598.93,0.00098,5474934205,5474934206,1762967467356,false,true,'2025-11-13 01:11:07.921',DEFAULT) RETURNING "id"
[35;1m[ERROR] 2025-11-13 01:11:11.004 binance_storer.go(271)[StoreData]:
[0m[35mFailed to batch insert Binance trades: err = ERROR: duplicate key value violates unique constraint "market_agg_trade_pkey" (SQLSTATE 23505)[0m
[error] 2025-11-13 01:11:11.110 [31;1m/Users/conso-dev1/code/dataCollector/Centralized-Data-Collector/internal/db/binance_trade.go:13 [35;1mERROR: duplicate key value violates unique constraint "market_agg_trade_pkey" (SQLSTATE 23505)
[0m[33m[4.951ms] [34;1m[rows:0][0m INSERT INTO "market_agg_trade" ("event","event_time","symbol","agg_id","price","quantity","first_id","last_id","timestamp","buyer_maker","ignore","created_at","id") VALUES ('aggTrade',1762967467321,'BTCUSDT',3739954555,101598.92,0.01333,5474934204,5474934204,1762967467321,true,true,'2025-11-13 01:11:07.908','200d4167-93c9-4c8e-88c3-9e80f7062738'),('aggTrade',1762967467357,'BTCUSDT',3739954556,101598.93,0.00098,5474934205,5474934206,1762967467356,false,true,'2025-11-13 01:11:07.921',DEFAULT) RETURNING "id"
[35;1m[ERROR] 2025-11-13 01:11:11.110 binance_storer.go(271)[StoreData]:
[0m[35mFailed to batch insert Binance trades: err = ERROR: duplicate key value violates unique constraint "market_agg_trade_pkey" (SQLSTATE 23505)[0m
[error] 2025-11-13 01:11:11.215 [31;1m/Users/conso-dev1/code/dataCollector/Centralized-Data-Collector/internal/db/binance_trade.go:13 [35;1mERROR: duplicate key value violates unique constraint "market_agg_trade_pkey" (SQLSTATE 23505)
[0m[33m[3.332ms] [34;1m[rows:0][0m INSERT INTO "market_agg_trade" ("event","event_time","symbol","agg_id","price","quantity","first_id","last_id","timestamp","buyer_maker","ignore","created_at","id") VALUES ('aggTrade',1762967467321,'BTCUSDT',3739954555,101598.92,0.01333,5474934204,5474934204,1762967467321,true,true,'2025-11-13 01:11:07.908','200d4167-93c9-4c8e-88c3-9e80f7062738'),('aggTrade',1762967467357,'BTCUSDT',3739954556,101598.93,0.00098,5474934205,5474934206,1762967467356,false,true,'2025-11-13 01:11:07.921',DEFAULT) RETURNING "id"
[35;1m[ERROR] 2025-11-13 01:11:11.215 binance_storer.go(271)[StoreData]:
[0m[35mFailed to batch insert Binance trades: err = ERROR: duplicate key value violates unique constraint "market_agg_trade_pkey" (SQLSTATE 23505)[0m
[error] 2025-11-13 01:11:11.321 [31;1m/Users/conso-dev1/code/dataCollector/Centralized-Data-Collector/internal/db/binance_trade.go:13 [35;1mERROR: duplicate key value violates unique constraint "market_agg_trade_pkey" (SQLSTATE 23505)
[0m[33m[5.435ms] [34;1m[rows:0][0m INSERT INTO "market_agg_trade" ("event","event_time","symbol","agg_id","price","quantity","first_id","last_id","timestamp","buyer_maker","ignore","created_at","id") VALUES ('aggTrade',1762967467321,'BTCUSDT',3739954555,101598.92,0.01333,5474934204,5474934204,1762967467321,true,true,'2025-11-13 01:11:07.908','200d4167-93c9-4c8e-88c3-9e80f7062738'),('aggTrade',1762967467357,'BTCUSDT',3739954556,101598.93,0.00098,5474934205,5474934206,1762967467356,false,true,'2025-11-13 01:11:07.921',DEFAULT) RETURNING "id"
[35;1m[ERROR] 2025-11-13 01:11:11.321 binance_storer.go(271)[StoreData]:
[0m[35mFailed to batch insert Binance trades: err = ERROR: duplicate key value violates unique constraint "market_agg_trade_pkey" (SQLSTATE 23505)[0m
[error] 2025-11-13 01:11:11.426 [31;1m/Users/conso-dev1/code/dataCollector/Centralized-Data-Collector/internal/db/binance_trade.go:13 [35;1mERROR: duplicate key value violates unique constraint "market_agg_trade_pkey" (SQLSTATE 23505)
[0m[33m[3.996ms] [34;1m[rows:0][0m INSERT INTO "market_agg_trade" ("event","event_time","symbol","agg_id","price","quantity","first_id","last_id","timestamp","buyer_maker","ignore","created_at","id") VALUES ('aggTrade',1762967467321,'BTCUSDT',3739954555,101598.92,0.01333,5474934204,5474934204,1762967467321,true,true,'2025-11-13 01:11:07.908','200d4167-93c9-4c8e-88c3-9e80f7062738'),('aggTrade',1762967467357,'BTCUSDT',3739954556,101598.93,0.00098,5474934205,5474934206,1762967467356,false,true,'2025-11-13 01:11:07.921',DEFAULT) RETURNING "id"
[35;1m[ERROR] 2025-11-13 01:11:11.426 binance_storer.go(271)[StoreData]:
[0m[35mFailed to batch insert Binance trades: err = ERROR: duplicate key value violates unique constraint "market_agg_trade_pkey" (SQLSTATE 23505)[0m
[error] 2025-11-13 01:11:11.533 [31;1m/Users/conso-dev1/code/dataCollector/Centralized-Data-Collector/internal/db/binance_trade.go:13 [35;1mERROR: duplicate key value violates unique constraint "market_agg_trade_pkey" (SQLSTATE 23505)
[0m[33m[5.091ms] [34;1m[rows:0][0m INSERT INTO "market_agg_trade" ("event","event_time","symbol","agg_id","price","quantity","first_id","last_id","timestamp","buyer_maker","ignore","created_at","id") VALUES ('aggTrade',1762967467321,'BTCUSDT',3739954555,101598.92,0.01333,5474934204,5474934204,1762967467321,true,true,'2025-11-13 01:11:07.908','200d4167-93c9-4c8e-88c3-9e80f7062738'),('aggTrade',1762967467357,'BTCUSDT',3739954556,101598.93,0.00098,5474934205,5474934206,1762967467356,false,true,'2025-11-13 01:11:07.921',DEFAULT) RETURNING "id"
[35;1m[ERROR] 2025-11-13 01:11:11.533 binance_storer.go(271)[StoreData]:
[0m[35mFailed to batch insert Binance trades: err = ERROR: duplicate key value violates unique constraint "market_agg_trade_pkey" (SQLSTATE 23505)[0m
[error] 2025-11-13 01:11:11.640 [31;1m/Users/conso-dev1/code/dataCollector/Centralized-Data-Collector/internal/db/binance_trade.go:13 [35;1mERROR: duplicate key value violates unique constraint "market_agg_trade_pkey" (SQLSTATE 23505)
[0m[33m[6.140ms] [34;1m[rows:0][0m INSERT INTO "market_agg_trade" ("event","event_time","symbol","agg_id","price","quantity","first_id","last_id","timestamp","buyer_maker","ignore","created_at","id") VALUES ('aggTrade',1762967467321,'BTCUSDT',3739954555,101598.92,0.01333,5474934204,5474934204,1762967467321,true,true,'2025-11-13 01:11:07.908','200d4167-93c9-4c8e-88c3-9e80f7062738'),('aggTrade',1762967467357,'BTCUSDT',3739954556,101598.93,0.00098,5474934205,5474934206,1762967467356,false,true,'2025-11-13 01:11:07.921',DEFAULT) RETURNING "id"
[35;1m[ERROR] 2025-11-13 01:11:11.640 binance_storer.go(271)[StoreData]:
[0m[35mFailed to batch insert Binance trades: err = ERROR: duplicate key value violates unique constraint "market_agg_trade_pkey" (SQLSTATE 23505)[0m
[error] 2025-11-13 01:11:11.747 [31;1m/Users/conso-dev1/code/dataCollector/Centralized-Data-Collector/internal/db/binance_trade.go:13 [35;1mERROR: duplicate key value violates unique constraint "market_agg_trade_pkey" (SQLSTATE 23505)
[0m[33m[5.489ms] [34;1m[rows:0][0m INSERT INTO "market_agg_trade" ("event","event_time","symbol","agg_id","price","quantity","first_id","last_id","timestamp","buyer_maker","ignore","created_at","id") VALUES ('aggTrade',1762967467321,'BTCUSDT',3739954555,101598.92,0.01333,5474934204,5474934204,1762967467321,true,true,'2025-11-13 01:11:07.908','200d4167-93c9-4c8e-88c3-9e80f7062738'),('aggTrade',1762967467357,'BTCUSDT',3739954556,101598.93,0.00098,5474934205,5474934206,1762967467356,false,true,'2025-11-13 01:11:07.921',DEFAULT) RETURNING "id"
[35;1m[ERROR] 2025-11-13 01:11:11.747 binance_storer.go(271)[StoreData]:
[0m[35mFailed to batch insert Binance trades: err = ERROR: duplicate key value violates unique constraint "market_agg_trade_pkey" (SQLSTATE 23505)[0m
[error] 2025-11-13 01:11:11.853 [31;1m/Users/conso-dev1/code/dataCollector/Centralized-Data-Collector/internal/db/binance_trade.go:13 [35;1mERROR: duplicate key value violates unique constraint "market_agg_trade_pkey" (SQLSTATE 23505)
[0m[33m[5.502ms] [34;1m[rows:0][0m INSERT INTO "market_agg_trade" ("event","event_time","symbol","agg_id","price","quantity","first_id","last_id","timestamp","buyer_maker","ignore","created_at","id") VALUES ('aggTrade',1762967467321,'BTCUSDT',3739954555,101598.92,0.01333,5474934204,5474934204,1762967467321,true,true,'2025-11-13 01:11:07.908','200d4167-93c9-4c8e-88c3-9e80f7062738'),('aggTrade',1762967467357,'BTCUSDT',3739954556,101598.93,0.00098,5474934205,5474934206,1762967467356,false,true,'2025-11-13 01:11:07.921',DEFAULT) RETURNING "id"
[35;1m[ERROR] 2025-11-13 01:11:11.853 binance_storer.go(271)[StoreData]:
[0m[35mFailed to batch insert Binance trades: err = ERROR: duplicate key value violates unique constraint "market_agg_trade_pkey" (SQLSTATE 23505)[0m
[INFO]  2025-11-13 01:21:09.006 main.go(46)[main]: Database connected.
[INFO]  2025-11-13 01:21:09.011 main.go(56)[main]: Redis connected.
[INFO]  2025-11-13 01:21:09.011 main.go(64)[main]: Data collector created.
[INFO]  2025-11-13 01:21:09.680 ws.go(125)[Login]: WebSocket connected and logged in successfully, index: 0
[INFO]  2025-11-13 01:21:10.007 ws.go(125)[Login]: WebSocket connected and logged in successfully, index: 1
[INFO]  2025-11-13 01:21:10.313 ws.go(125)[Login]: WebSocket connected and logged in successfully, index: 2
[INFO]  2025-11-13 01:21:57.570 main.go(46)[main]: Database connected.
[INFO]  2025-11-13 01:21:57.572 main.go(56)[main]: Redis connected.
[INFO]  2025-11-13 01:21:57.572 main.go(64)[main]: Data collector created.
[INFO]  2025-11-13 01:21:58.238 ws.go(125)[Login]: WebSocket connected and logged in successfully, index: 0
[INFO]  2025-11-13 01:21:58.594 ws.go(125)[Login]: WebSocket connected and logged in successfully, index: 1
[INFO]  2025-11-13 01:21:58.921 ws.go(125)[Login]: WebSocket connected and logged in successfully, index: 2
[INFO]  2025-11-13 01:25:29.091 main.go(46)[main]: Database connected.
[INFO]  2025-11-13 01:25:29.095 main.go(56)[main]: Redis connected.
[INFO]  2025-11-13 01:25:29.095 main.go(64)[main]: Data collector created.
[INFO]  2025-11-13 01:25:29.467 ws.go(125)[Login]: WebSocket connected and logged in successfully, index: 0
[INFO]  2025-11-13 01:25:29.794 ws.go(125)[Login]: WebSocket connected and logged in successfully, index: 1
[INFO]  2025-11-13 01:25:30.106 binance_storer.go(268)[StoreData]: Stored 1 trade records from Binance
[INFO]  2025-11-13 01:25:30.136 ws.go(125)[Login]: WebSocket connected and logged in successfully, index: 2
[INFO]  2025-11-13 01:25:31.100 binance_storer.go(268)[StoreData]: Stored 1 trade records from Binance
[INFO]  2025-11-13 01:25:31.104 binance_storer.go(268)[StoreData]: Stored 2 trade records from Binance
[INFO]  2025-11-13 01:25:32.103 binance_storer.go(268)[StoreData]: Stored 1 trade records from Binance
[INFO]  2025-11-13 01:25:32.106 binance_storer.go(268)[StoreData]: Stored 2 trade records from Binance
[INFO]  2025-11-13 01:25:32.108 binance_storer.go(268)[StoreData]: Stored 3 trade records from Binance
[INFO]  2025-11-13 01:25:32.111 binance_storer.go(268)[StoreData]: Stored 4 trade records from Binance
[INFO]  2025-11-13 01:25:32.114 binance_storer.go(268)[StoreData]: Stored 5 trade records from Binance
[INFO]  2025-11-13 01:25:32.116 binance_storer.go(268)[StoreData]: Stored 6 trade records from Binance
[INFO]  2025-11-13 01:25:32.125 binance_storer.go(268)[StoreData]: Stored 7 trade records from Binance
[INFO]  2025-11-13 01:25:32.126 binance_storer.go(268)[StoreData]: Stored 8 trade records from Binance
[INFO]  2025-11-13 01:25:32.129 binance_storer.go(268)[StoreData]: Stored 9 trade records from Binance
[INFO]  2025-11-13 01:25:32.130 binance_storer.go(268)[StoreData]: Stored 10 trade records from Binance
[INFO]  2025-11-13 01:25:32.132 binance_storer.go(268)[StoreData]: Stored 11 trade records from Binance
[INFO]  2025-11-13 01:25:32.133 binance_storer.go(268)[StoreData]: Stored 12 trade records from Binance
[INFO]  2025-11-13 01:25:32.136 binance_storer.go(268)[StoreData]: Stored 13 trade records from Binance
[INFO]  2025-11-13 01:25:32.138 binance_storer.go(268)[StoreData]: Stored 14 trade records from Binance
[INFO]  2025-11-13 01:25:32.139 binance_storer.go(268)[StoreData]: Stored 15 trade records from Binance
[INFO]  2025-11-13 01:25:32.141 binance_storer.go(268)[StoreData]: Stored 16 trade records from Binance
[INFO]  2025-11-13 01:25:32.144 binance_storer.go(268)[StoreData]: Stored 17 trade records from Binance
[INFO]  2025-11-13 01:25:32.145 binance_storer.go(268)[StoreData]: Stored 18 trade records from Binance
[INFO]  2025-11-13 01:25:32.147 binance_storer.go(268)[StoreData]: Stored 19 trade records from Binance
[INFO]  2025-11-13 01:25:32.149 binance_storer.go(268)[StoreData]: Stored 20 trade records from Binance
[INFO]  2025-11-13 01:25:32.151 binance_storer.go(268)[StoreData]: Stored 21 trade records from Binance
[INFO]  2025-11-13 01:25:32.153 binance_storer.go(268)[StoreData]: Stored 22 trade records from Binance
[INFO]  2025-11-13 01:25:32.155 binance_storer.go(268)[StoreData]: Stored 22 trade records from Binance
[INFO]  2025-11-13 01:25:33.100 binance_storer.go(268)[StoreData]: Stored 1 trade records from Binance
[INFO]  2025-11-13 01:25:33.102 binance_storer.go(268)[StoreData]: Stored 2 trade records from Binance
[INFO]  2025-11-13 01:25:33.105 binance_storer.go(268)[StoreData]: Stored 3 trade records from Binance
[INFO]  2025-11-13 01:25:34.098 binance_storer.go(268)[StoreData]: Stored 1 trade records from Binance
[INFO]  2025-11-13 01:25:34.100 binance_storer.go(268)[StoreData]: Stored 2 trade records from Binance
[INFO]  2025-11-13 01:25:34.102 binance_storer.go(268)[StoreData]: Stored 3 trade records from Binance
[INFO]  2025-11-13 01:25:34.104 binance_storer.go(268)[StoreData]: Stored 4 trade records from Binance
[INFO]  2025-11-13 01:25:34.105 binance_storer.go(268)[StoreData]: Stored 5 trade records from Binance
[INFO]  2025-11-13 01:25:34.106 binance_storer.go(268)[StoreData]: Stored 6 trade records from Binance
[INFO]  2025-11-13 01:25:34.108 binance_storer.go(268)[StoreData]: Stored 7 trade records from Binance
[INFO]  2025-11-13 01:25:34.109 binance_storer.go(268)[StoreData]: Stored 8 trade records from Binance
[INFO]  2025-11-13 01:25:34.113 binance_storer.go(268)[StoreData]: Stored 9 trade records from Binance
[INFO]  2025-11-13 01:25:34.114 binance_storer.go(268)[StoreData]: Stored 10 trade records from Binance
[INFO]  2025-11-13 01:25:34.115 binance_storer.go(268)[StoreData]: Stored 11 trade records from Binance
[INFO]  2025-11-13 01:25:34.117 binance_storer.go(268)[StoreData]: Stored 12 trade records from Binance
[INFO]  2025-11-13 01:25:34.119 binance_storer.go(268)[StoreData]: Stored 13 trade records from Binance
[INFO]  2025-11-13 01:25:34.121 binance_storer.go(268)[StoreData]: Stored 14 trade records from Binance
[INFO]  2025-11-13 01:25:34.122 binance_storer.go(268)[StoreData]: Stored 15 trade records from Binance
[INFO]  2025-11-13 01:25:34.123 binance_storer.go(268)[StoreData]: Stored 16 trade records from Binance
[INFO]  2025-11-13 01:25:34.125 binance_storer.go(268)[StoreData]: Stored 17 trade records from Binance
[INFO]  2025-11-13 01:25:34.127 binance_storer.go(268)[StoreData]: Stored 18 trade records from Binance
[INFO]  2025-11-13 01:25:34.130 binance_storer.go(268)[StoreData]: Stored 19 trade records from Binance
[INFO]  2025-11-13 01:25:34.131 binance_storer.go(268)[StoreData]: Stored 20 trade records from Binance
[INFO]  2025-11-13 01:25:34.132 binance_storer.go(268)[StoreData]: Stored 21 trade records from Binance
[INFO]  2025-11-13 01:25:34.133 binance_storer.go(268)[StoreData]: Stored 22 trade records from Binance
[INFO]  2025-11-13 01:25:34.137 binance_storer.go(268)[StoreData]: Stored 23 trade records from Binance
[INFO]  2025-11-13 01:25:34.139 binance_storer.go(268)[StoreData]: Stored 24 trade records from Binance
[INFO]  2025-11-13 01:25:34.141 binance_storer.go(268)[StoreData]: Stored 25 trade records from Binance
[INFO]  2025-11-13 01:25:34.145 binance_storer.go(268)[StoreData]: Stored 26 trade records from Binance
[INFO]  2025-11-13 01:25:34.147 binance_storer.go(268)[StoreData]: Stored 27 trade records from Binance
[INFO]  2025-11-13 01:25:34.149 binance_storer.go(268)[StoreData]: Stored 28 trade records from Binance
[INFO]  2025-11-13 01:25:34.151 binance_storer.go(268)[StoreData]: Stored 29 trade records from Binance
[INFO]  2025-11-13 01:25:34.154 binance_storer.go(268)[StoreData]: Stored 30 trade records from Binance
[INFO]  2025-11-13 01:25:34.156 binance_storer.go(268)[StoreData]: Stored 31 trade records from Binance
[INFO]  2025-11-13 01:25:34.158 binance_storer.go(268)[StoreData]: Stored 32 trade records from Binance
[INFO]  2025-11-13 01:25:34.162 binance_storer.go(268)[StoreData]: Stored 33 trade records from Binance
[INFO]  2025-11-13 01:25:34.164 binance_storer.go(268)[StoreData]: Stored 34 trade records from Binance
[INFO]  2025-11-13 01:25:34.166 binance_storer.go(268)[StoreData]: Stored 35 trade records from Binance
[INFO]  2025-11-13 01:25:34.169 binance_storer.go(268)[StoreData]: Stored 36 trade records from Binance
[INFO]  2025-11-13 01:25:34.171 binance_storer.go(268)[StoreData]: Stored 37 trade records from Binance
[INFO]  2025-11-13 01:25:34.174 binance_storer.go(268)[StoreData]: Stored 38 trade records from Binance
[INFO]  2025-11-13 01:25:34.176 binance_storer.go(268)[StoreData]: Stored 39 trade records from Binance
[INFO]  2025-11-13 01:25:34.179 binance_storer.go(268)[StoreData]: Stored 39 trade records from Binance
[INFO]  2025-11-13 01:25:35.099 binance_storer.go(268)[StoreData]: Stored 1 trade records from Binance
[INFO]  2025-11-13 01:25:35.102 binance_storer.go(268)[StoreData]: Stored 2 trade records from Binance
[INFO]  2025-11-13 01:25:35.104 binance_storer.go(268)[StoreData]: Stored 3 trade records from Binance
[INFO]  2025-11-13 01:25:35.107 binance_storer.go(268)[StoreData]: Stored 4 trade records from Binance
[INFO]  2025-11-13 01:25:35.109 binance_storer.go(268)[StoreData]: Stored 5 trade records from Binance
[INFO]  2025-11-13 01:25:35.110 binance_storer.go(268)[StoreData]: Stored 6 trade records from Binance
[INFO]  2025-11-13 01:25:35.111 binance_storer.go(268)[StoreData]: Stored 7 trade records from Binance
[INFO]  2025-11-13 01:25:35.113 binance_storer.go(268)[StoreData]: Stored 8 trade records from Binance
[INFO]  2025-11-13 01:25:36.100 binance_storer.go(268)[StoreData]: Stored 1 trade records from Binance
[INFO]  2025-11-13 01:25:36.102 binance_storer.go(268)[StoreData]: Stored 2 trade records from Binance
[INFO]  2025-11-13 01:25:36.104 binance_storer.go(268)[StoreData]: Stored 3 trade records from Binance
[INFO]  2025-11-13 01:25:36.105 binance_storer.go(268)[StoreData]: Stored 4 trade records from Binance
[INFO]  2025-11-13 01:25:36.107 binance_storer.go(268)[StoreData]: Stored 5 trade records from Binance
[INFO]  2025-11-13 01:25:37.100 binance_storer.go(268)[StoreData]: Stored 1 trade records from Binance
[INFO]  2025-11-13 01:25:37.102 binance_storer.go(268)[StoreData]: Stored 1 trade records from Binance
[INFO]  2025-11-13 01:25:37.104 binance_storer.go(268)[StoreData]: Stored 2 trade records from Binance
[INFO]  2025-11-13 01:25:37.106 binance_storer.go(268)[StoreData]: Stored 3 trade records from Binance
[INFO]  2025-11-13 01:25:37.138 binance_storer.go(268)[StoreData]: Stored 4 trade records from Binance
[INFO]  2025-11-13 01:25:37.140 binance_storer.go(268)[StoreData]: Stored 5 trade records from Binance
[INFO]  2025-11-13 01:25:37.150 binance_storer.go(268)[StoreData]: Stored 6 trade records from Binance
[INFO]  2025-11-13 01:25:38.100 binance_storer.go(268)[StoreData]: Stored 1 trade records from Binance
[INFO]  2025-11-13 01:25:38.103 binance_storer.go(268)[StoreData]: Stored 2 trade records from Binance
[INFO]  2025-11-13 01:25:38.105 binance_storer.go(268)[StoreData]: Stored 3 trade records from Binance
[INFO]  2025-11-13 01:25:38.106 binance_storer.go(268)[StoreData]: Stored 4 trade records from Binance
[INFO]  2025-11-13 01:25:38.108 binance_storer.go(268)[StoreData]: Stored 5 trade records from Binance
[INFO]  2025-11-13 01:25:38.110 binance_storer.go(268)[StoreData]: Stored 6 trade records from Binance
[INFO]  2025-11-13 01:25:38.111 binance_storer.go(268)[StoreData]: Stored 7 trade records from Binance
[INFO]  2025-11-13 01:25:38.113 binance_storer.go(268)[StoreData]: Stored 8 trade records from Binance
[INFO]  2025-11-13 01:25:38.115 binance_storer.go(268)[StoreData]: Stored 8 trade records from Binance
[INFO]  2025-11-13 01:25:38.117 binance_storer.go(268)[StoreData]: Stored 9 trade records from Binance
[INFO]  2025-11-13 01:25:39.105 binance_storer.go(268)[StoreData]: Stored 1 trade records from Binance
[INFO]  2025-11-13 01:25:40.103 binance_storer.go(268)[StoreData]: Stored 1 trade records from Binance
[INFO]  2025-11-13 01:25:40.105 binance_storer.go(268)[StoreData]: Stored 2 trade records from Binance
[INFO]  2025-11-13 01:25:40.108 binance_storer.go(268)[StoreData]: Stored 2 trade records from Binance
[INFO]  2025-11-13 01:25:41.103 binance_storer.go(268)[StoreData]: Stored 1 trade records from Binance
[INFO]  2025-11-13 01:25:41.105 binance_storer.go(268)[StoreData]: Stored 2 trade records from Binance
[INFO]  2025-11-13 01:25:43.101 binance_storer.go(268)[StoreData]: Stored 1 trade records from Binance
[INFO]  2025-11-13 01:25:43.104 binance_storer.go(268)[StoreData]: Stored 2 trade records from Binance
[INFO]  2025-11-13 01:25:43.106 binance_storer.go(268)[StoreData]: Stored 3 trade records from Binance
[INFO]  2025-11-13 01:25:43.107 binance_storer.go(268)[StoreData]: Stored 4 trade records from Binance
[INFO]  2025-11-13 01:25:43.109 binance_storer.go(268)[StoreData]: Stored 5 trade records from Binance
[INFO]  2025-11-13 01:25:43.111 binance_storer.go(268)[StoreData]: Stored 6 trade records from Binance
[INFO]  2025-11-13 01:29:10.583 main.go(46)[main]: Database connected.
[INFO]  2025-11-13 01:29:10.586 main.go(56)[main]: Redis connected.
[INFO]  2025-11-13 01:29:10.586 main.go(64)[main]: Data collector created.
[INFO]  2025-11-13 01:29:10.930 ws.go(125)[Login]: WebSocket connected and logged in successfully, index: 0
[INFO]  2025-11-13 01:29:11.278 ws.go(125)[Login]: WebSocket connected and logged in successfully, index: 1
[INFO]  2025-11-13 01:29:11.622 ws.go(125)[Login]: WebSocket connected and logged in successfully, index: 2
[INFO]  2025-11-13 01:29:12.595 binance_storer.go(268)[StoreData]: Stored 1 trade records from Binance
[INFO]  2025-11-13 01:29:12.598 binance_storer.go(268)[StoreData]: Stored 2 trade records from Binance
[INFO]  2025-11-13 01:29:12.601 binance_storer.go(268)[StoreData]: Stored 3 trade records from Binance
[INFO]  2025-11-13 01:29:12.603 binance_storer.go(268)[StoreData]: Stored 4 trade records from Binance
[INFO]  2025-11-13 01:29:12.606 binance_storer.go(268)[StoreData]: Stored 5 trade records from Binance
[INFO]  2025-11-13 01:29:12.608 binance_storer.go(268)[StoreData]: Stored 6 trade records from Binance
[INFO]  2025-11-13 01:29:12.610 binance_storer.go(268)[StoreData]: Stored 7 trade records from Binance
[INFO]  2025-11-13 01:29:12.613 binance_storer.go(268)[StoreData]: Stored 8 trade records from Binance
[INFO]  2025-11-13 01:29:12.615 binance_storer.go(268)[StoreData]: Stored 9 trade records from Binance
[INFO]  2025-11-13 01:29:12.617 binance_storer.go(268)[StoreData]: Stored 10 trade records from Binance
[INFO]  2025-11-13 01:29:12.619 binance_storer.go(268)[StoreData]: Stored 11 trade records from Binance
[INFO]  2025-11-13 01:29:12.621 binance_storer.go(268)[StoreData]: Stored 12 trade records from Binance
[INFO]  2025-11-13 01:29:12.623 binance_storer.go(268)[StoreData]: Stored 13 trade records from Binance
[INFO]  2025-11-13 01:29:12.624 binance_storer.go(268)[StoreData]: Stored 14 trade records from Binance
[INFO]  2025-11-13 01:29:12.626 binance_storer.go(268)[StoreData]: Stored 15 trade records from Binance
[INFO]  2025-11-13 01:29:12.629 binance_storer.go(268)[StoreData]: Stored 16 trade records from Binance
[INFO]  2025-11-13 01:29:12.630 binance_storer.go(268)[StoreData]: Stored 17 trade records from Binance
[INFO]  2025-11-13 01:29:12.632 binance_storer.go(268)[StoreData]: Stored 17 trade records from Binance
[INFO]  2025-11-13 01:29:12.633 binance_storer.go(280)[StoreData]: Stored 1 kline records from Binance
[INFO]  2025-11-13 01:29:12.635 binance_storer.go(268)[StoreData]: Stored 18 trade records from Binance
[INFO]  2025-11-13 01:29:12.637 binance_storer.go(280)[StoreData]: Stored 1 kline records from Binance
[INFO]  2025-11-13 01:29:13.594 binance_storer.go(268)[StoreData]: Stored 1 trade records from Binance
[INFO]  2025-11-13 01:29:13.597 binance_storer.go(268)[StoreData]: Stored 2 trade records from Binance
[INFO]  2025-11-13 01:29:13.599 binance_storer.go(268)[StoreData]: Stored 3 trade records from Binance
[INFO]  2025-11-13 01:29:14.592 binance_storer.go(268)[StoreData]: Stored 1 trade records from Binance
[INFO]  2025-11-13 01:29:14.595 binance_storer.go(268)[StoreData]: Stored 2 trade records from Binance
[INFO]  2025-11-13 01:29:14.597 binance_storer.go(268)[StoreData]: Stored 3 trade records from Binance
[INFO]  2025-11-13 01:29:14.598 binance_storer.go(268)[StoreData]: Stored 4 trade records from Binance
[INFO]  2025-11-13 01:29:14.599 binance_storer.go(268)[StoreData]: Stored 4 trade records from Binance
[INFO]  2025-11-13 01:29:14.600 binance_storer.go(280)[StoreData]: Stored 1 kline records from Binance
[INFO]  2025-11-13 01:29:14.603 binance_storer.go(268)[StoreData]: Stored 5 trade records from Binance
[INFO]  2025-11-13 01:29:14.604 binance_storer.go(280)[StoreData]: Stored 1 kline records from Binance
[INFO]  2025-11-13 01:29:15.591 binance_storer.go(268)[StoreData]: Stored 1 trade records from Binance
[INFO]  2025-11-13 01:29:15.593 binance_storer.go(268)[StoreData]: Stored 2 trade records from Binance
[INFO]  2025-11-13 01:29:16.592 binance_storer.go(268)[StoreData]: Stored 1 trade records from Binance
[INFO]  2025-11-13 01:29:16.595 binance_storer.go(268)[StoreData]: Stored 2 trade records from Binance
[INFO]  2025-11-13 01:29:16.597 binance_storer.go(268)[StoreData]: Stored 3 trade records from Binance
[INFO]  2025-11-13 01:29:16.599 binance_storer.go(268)[StoreData]: Stored 3 trade records from Binance
[INFO]  2025-11-13 01:29:16.600 binance_storer.go(280)[StoreData]: Stored 1 kline records from Binance
[INFO]  2025-11-13 01:29:16.602 binance_storer.go(268)[StoreData]: Stored 4 trade records from Binance
[INFO]  2025-11-13 01:29:16.603 binance_storer.go(280)[StoreData]: Stored 1 kline records from Binance
[INFO]  2025-11-13 01:29:16.605 binance_storer.go(268)[StoreData]: Stored 5 trade records from Binance
[INFO]  2025-11-13 01:29:16.607 binance_storer.go(280)[StoreData]: Stored 1 kline records from Binance
[INFO]  2025-11-13 01:29:17.593 binance_storer.go(268)[StoreData]: Stored 1 trade records from Binance
[INFO]  2025-11-13 01:29:17.596 binance_storer.go(268)[StoreData]: Stored 2 trade records from Binance
[INFO]  2025-11-13 01:29:17.600 binance_storer.go(268)[StoreData]: Stored 3 trade records from Binance
[INFO]  2025-11-13 01:29:17.601 binance_storer.go(268)[StoreData]: Stored 4 trade records from Binance
[INFO]  2025-11-13 01:29:17.603 binance_storer.go(268)[StoreData]: Stored 5 trade records from Binance
[INFO]  2025-11-13 01:29:17.604 binance_storer.go(268)[StoreData]: Stored 6 trade records from Binance
[INFO]  2025-11-13 01:29:17.605 binance_storer.go(268)[StoreData]: Stored 7 trade records from Binance
[INFO]  2025-11-13 01:29:17.608 binance_storer.go(268)[StoreData]: Stored 8 trade records from Binance
[INFO]  2025-11-13 01:29:17.609 binance_storer.go(268)[StoreData]: Stored 9 trade records from Binance
[INFO]  2025-11-13 01:29:17.610 binance_storer.go(268)[StoreData]: Stored 10 trade records from Binance
[INFO]  2025-11-13 01:29:17.612 binance_storer.go(268)[StoreData]: Stored 11 trade records from Binance
[INFO]  2025-11-13 01:29:17.613 binance_storer.go(268)[StoreData]: Stored 12 trade records from Binance
[INFO]  2025-11-13 01:29:17.615 binance_storer.go(268)[StoreData]: Stored 13 trade records from Binance
[INFO]  2025-11-13 01:29:17.616 binance_storer.go(268)[StoreData]: Stored 14 trade records from Binance
[INFO]  2025-11-13 01:29:17.618 binance_storer.go(268)[StoreData]: Stored 15 trade records from Binance
[INFO]  2025-11-13 01:29:17.620 binance_storer.go(268)[StoreData]: Stored 16 trade records from Binance
[INFO]  2025-11-13 01:29:17.621 binance_storer.go(268)[StoreData]: Stored 17 trade records from Binance
[INFO]  2025-11-13 01:29:17.623 binance_storer.go(268)[StoreData]: Stored 18 trade records from Binance
[INFO]  2025-11-13 01:29:17.625 binance_storer.go(268)[StoreData]: Stored 19 trade records from Binance
[INFO]  2025-11-13 01:29:17.627 binance_storer.go(268)[StoreData]: Stored 20 trade records from Binance
[INFO]  2025-11-13 01:29:17.629 binance_storer.go(268)[StoreData]: Stored 21 trade records from Binance
[INFO]  2025-11-13 01:29:17.631 binance_storer.go(268)[StoreData]: Stored 22 trade records from Binance
[INFO]  2025-11-13 01:29:17.633 binance_storer.go(268)[StoreData]: Stored 23 trade records from Binance
[INFO]  2025-11-13 01:29:17.636 binance_storer.go(268)[StoreData]: Stored 24 trade records from Binance
[INFO]  2025-11-13 01:29:17.637 binance_storer.go(268)[StoreData]: Stored 25 trade records from Binance
[INFO]  2025-11-13 01:29:17.640 binance_storer.go(268)[StoreData]: Stored 26 trade records from Binance
[INFO]  2025-11-13 01:29:17.643 binance_storer.go(268)[StoreData]: Stored 27 trade records from Binance
[INFO]  2025-11-13 01:29:18.594 binance_storer.go(268)[StoreData]: Stored 1 trade records from Binance
[INFO]  2025-11-13 01:29:18.597 binance_storer.go(268)[StoreData]: Stored 2 trade records from Binance
[INFO]  2025-11-13 01:29:18.600 binance_storer.go(268)[StoreData]: Stored 3 trade records from Binance
[INFO]  2025-11-13 01:29:18.602 binance_storer.go(268)[StoreData]: Stored 3 trade records from Binance
[INFO]  2025-11-13 01:29:18.603 binance_storer.go(280)[StoreData]: Stored 1 kline records from Binance
